---------------------------------------------------------------
[ 2019-03-11T11:12:20+08:00 ] 127.0.0.1 POST www.flyfly.com/admin/index/clear_cache
[运行时间：0.245014s] [吞吐率：4.08req/s] [内存消耗：2,569.52kb] [文件加载：56]
[ info ] [ LANG ] D:\phpStudy\WWW\flyfly\thinkphp\lang\zh-cn.php
[ info ] [ ROUTE ] array (
  'type' => 'module',
  'module' => 
  array (
    0 => 'admin',
    1 => 'index',
    2 => 'clear_cache',
  ),
)
[ info ] [ HEADER ] array (
  'cookie' => 'PHPSESSID=6fsemks0fj06v6ma5jk99ek4n6; remember_info=think%3A%7B%22username%22%3A%22admin%22%2C%22password%22%3A%22MTIzNDU2%22%2C%22verify%22%3A%22bctsa%22%7D',
  'accept-language' => 'zh-CN,zh;q=0.9',
  'accept-encoding' => 'gzip, deflate',
  'referer' => 'http://www.flyfly.com/admin/index/index',
  'content-type' => 'application/x-www-form-urlencoded; charset=UTF-8',
  'user-agent' => 'Mozilla/5.0 (Windows NT 6.1; Win64; x64) AppleWebKit/537.36 (KHTML, like Gecko) Chrome/72.0.3626.121 Safari/537.36',
  'x-requested-with' => 'XMLHttpRequest',
  'origin' => 'http://www.flyfly.com',
  'accept' => 'application/json, text/javascript, */*; q=0.01',
  'content-length' => '8',
  'connection' => 'close',
  'host' => 'www.flyfly.com',
)
[ info ] [ PARAM ] array (
  '/admin/index/clear_cache' => '',
  'type' => 'all',
)
[ info ] [ SESSION ] INIT array (
  'id' => '',
  'var_session_id' => '',
  'prefix' => 'think',
  'type' => '',
  'auto_start' => true,
)
[ info ] [ DB ] INIT mysql
[ info ] [ RUN ] app\admin\controller\Index->clear_cache[ D:\phpStudy\WWW\flyfly\app\admin\controller\Index.php ]
[ info ] [ LOG ] INIT File
[ sql ] [ DB ] CONNECT:[ UseTime:0.010001s ] mysql:host=127.0.0.1;port=3306;dbname=flyfly;charset=utf8
[ sql ] [ SQL ] SHOW COLUMNS FROM `f_role_author` [ RunTime:0.008001s ]
[ sql ] [ SQL ] SELECT * FROM `f_role_author` [ RunTime:0.000000s ]
[ sql ] [ SQL ] SHOW COLUMNS FROM `f_admin_log` [ RunTime:0.009000s ]
[ sql ] [ SQL ] INSERT INTO `f_admin_log` (`admin_id` , `operation` , `time`) VALUES (1 , '清除缓存' , '1552273940') [ RunTime:0.092005s ]
[ sql ] [ SQL ] SHOW COLUMNS FROM `f_role_group` [ RunTime:0.024002s ]
[ sql ] [ SQL ] SELECT * FROM `f_role_group` WHERE  `id` = 1 LIMIT 1 [ RunTime:0.002000s ]
[ sql ] [ SQL ] set @@sql_mode='' [ RunTime:0.001000s ]
---------------------------------------------------------------
[ 2019-03-11T11:12:20+08:00 ] 127.0.0.1 GET www.flyfly.com/admin/evaluation/stop_countdown
[运行时间：0.114006s] [吞吐率：8.77req/s] [内存消耗：2,766.49kb] [文件加载：57]
[ info ] [ LANG ] D:\phpStudy\WWW\flyfly\thinkphp\lang\zh-cn.php
[ info ] [ ROUTE ] array (
  'type' => 'module',
  'module' => 
  array (
    0 => 'admin',
    1 => 'evaluation',
    2 => 'stop_countdown',
  ),
)
[ info ] [ HEADER ] array (
  'cookie' => 'PHPSESSID=6fsemks0fj06v6ma5jk99ek4n6; remember_info=think%3A%7B%22username%22%3A%22admin%22%2C%22password%22%3A%22MTIzNDU2%22%2C%22verify%22%3A%22bctsa%22%7D',
  'accept-language' => 'zh-CN,zh;q=0.9',
  'accept-encoding' => 'gzip, deflate',
  'referer' => 'http://www.flyfly.com/admin/index/index',
  'user-agent' => 'Mozilla/5.0 (Windows NT 6.1; Win64; x64) AppleWebKit/537.36 (KHTML, like Gecko) Chrome/72.0.3626.121 Safari/537.36',
  'x-requested-with' => 'XMLHttpRequest',
  'accept' => '*/*',
  'connection' => 'close',
  'host' => 'www.flyfly.com',
)
[ info ] [ PARAM ] array (
  '/admin/evaluation/stop_countdown' => '',
)
[ info ] [ SESSION ] INIT array (
  'id' => '',
  'var_session_id' => '',
  'prefix' => 'think',
  'type' => '',
  'auto_start' => true,
)
[ info ] [ DB ] INIT mysql
[ info ] [ RUN ] app\admin\controller\Evaluation->stop_countdown[ D:\phpStudy\WWW\flyfly\app\admin\controller\Evaluation.php ]
[ info ] [ LOG ] INIT File
[ sql ] [ DB ] CONNECT:[ UseTime:0.010000s ] mysql:host=127.0.0.1;port=3306;dbname=flyfly;charset=utf8
[ sql ] [ SQL ] SHOW COLUMNS FROM `f_role_author` [ RunTime:0.008001s ]
[ sql ] [ SQL ] SELECT * FROM `f_role_author` [ RunTime:0.001000s ]
[ sql ] [ SQL ] SHOW COLUMNS FROM `f_admin` [ RunTime:0.010000s ]
[ sql ] [ SQL ] SELECT * FROM `f_admin` `a` LEFT JOIN `f_role_group` `g` ON 1=`g`.`id` ORDER BY `a`.`id` ASC LIMIT 1 [ RunTime:0.001000s ]
[ sql ] [ SQL ] SELECT * FROM `f_role_author` [ RunTime:0.001000s ]
[ sql ] [ SQL ] set @@sql_mode='' [ RunTime:0.001000s ]
[ sql ] [ SQL ] SHOW COLUMNS FROM `f_system_sort` [ RunTime:0.010000s ]
[ sql ] [ SQL ] SELECT * FROM `f_system_sort` WHERE  `is_available` = 1 [ RunTime:0.001000s ]
[ sql ] [ SQL ] SHOW COLUMNS FROM `f_role_group` [ RunTime:0.009001s ]
[ sql ] [ SQL ] SELECT * FROM `f_role_group` WHERE  `id` = 1  AND `is_available` = 1 LIMIT 1 [ RunTime:0.001000s ]
[ sql ] [ SQL ] SELECT * FROM `f_role_group` WHERE  `id` = 1 LIMIT 1 [ RunTime:0.001000s ]
[ sql ] [ SQL ] set @@sql_mode='' [ RunTime:0.000000s ]
---------------------------------------------------------------
[ 2019-03-11T11:12:21+08:00 ] 127.0.0.1 GET www.flyfly.com/admin/evaluation/stop_countdown
[运行时间：0.077004s] [吞吐率：12.99req/s] [内存消耗：2,528.26kb] [文件加载：56]
[ info ] [ LANG ] D:\phpStudy\WWW\flyfly\thinkphp\lang\zh-cn.php
[ info ] [ ROUTE ] array (
  'type' => 'module',
  'module' => 
  array (
    0 => 'admin',
    1 => 'evaluation',
    2 => 'stop_countdown',
  ),
)
[ info ] [ HEADER ] array (
  'cookie' => 'PHPSESSID=6fsemks0fj06v6ma5jk99ek4n6; remember_info=think%3A%7B%22username%22%3A%22admin%22%2C%22password%22%3A%22MTIzNDU2%22%2C%22verify%22%3A%22bctsa%22%7D',
  'accept-language' => 'zh-CN,zh;q=0.9',
  'accept-encoding' => 'gzip, deflate',
  'referer' => 'http://www.flyfly.com/admin/index/index',
  'user-agent' => 'Mozilla/5.0 (Windows NT 6.1; Win64; x64) AppleWebKit/537.36 (KHTML, like Gecko) Chrome/72.0.3626.121 Safari/537.36',
  'x-requested-with' => 'XMLHttpRequest',
  'accept' => '*/*',
  'connection' => 'close',
  'host' => 'www.flyfly.com',
)
[ info ] [ PARAM ] array (
  '/admin/evaluation/stop_countdown' => '',
)
[ info ] [ SESSION ] INIT array (
  'id' => '',
  'var_session_id' => '',
  'prefix' => 'think',
  'type' => '',
  'auto_start' => true,
)
[ info ] [ DB ] INIT mysql
[ info ] [ RUN ] app\admin\controller\Evaluation->stop_countdown[ D:\phpStudy\WWW\flyfly\app\admin\controller\Evaluation.php ]
[ info ] [ LOG ] INIT File
[ sql ] [ DB ] CONNECT:[ UseTime:0.005000s ] mysql:host=127.0.0.1;port=3306;dbname=flyfly;charset=utf8
[ sql ] [ SQL ] SHOW COLUMNS FROM `f_role_author` [ RunTime:0.014000s ]
[ sql ] [ SQL ] SELECT * FROM `f_role_author` [ RunTime:0.001000s ]
[ sql ] [ SQL ] SHOW COLUMNS FROM `f_role_group` [ RunTime:0.008001s ]
[ sql ] [ SQL ] SELECT * FROM `f_role_group` WHERE  `id` = 1 LIMIT 1 [ RunTime:0.000000s ]
[ sql ] [ SQL ] set @@sql_mode='' [ RunTime:0.001000s ]
---------------------------------------------------------------
[ 2019-03-11T11:12:22+08:00 ] 127.0.0.1 GET www.flyfly.com/admin/index/index
[运行时间：0.327018s] [吞吐率：3.06req/s] [内存消耗：3,153.34kb] [文件加载：59]
[ info ] [ LANG ] D:\phpStudy\WWW\flyfly\thinkphp\lang\zh-cn.php
[ info ] [ ROUTE ] array (
  'type' => 'module',
  'module' => 
  array (
    0 => 'admin',
    1 => 'index',
    2 => 'index',
  ),
)
[ info ] [ HEADER ] array (
  'cookie' => 'PHPSESSID=6fsemks0fj06v6ma5jk99ek4n6; remember_info=think%3A%7B%22username%22%3A%22admin%22%2C%22password%22%3A%22MTIzNDU2%22%2C%22verify%22%3A%22bctsa%22%7D',
  'accept-language' => 'zh-CN,zh;q=0.9',
  'accept-encoding' => 'gzip, deflate',
  'referer' => 'http://www.flyfly.com/admin/index/index',
  'accept' => 'text/html,application/xhtml+xml,application/xml;q=0.9,image/webp,image/apng,*/*;q=0.8',
  'user-agent' => 'Mozilla/5.0 (Windows NT 6.1; Win64; x64) AppleWebKit/537.36 (KHTML, like Gecko) Chrome/72.0.3626.121 Safari/537.36',
  'upgrade-insecure-requests' => '1',
  'connection' => 'close',
  'host' => 'www.flyfly.com',
)
[ info ] [ PARAM ] array (
  '/admin/index/index' => '',
)
[ info ] [ SESSION ] INIT array (
  'id' => '',
  'var_session_id' => '',
  'prefix' => 'think',
  'type' => '',
  'auto_start' => true,
)
[ info ] [ DB ] INIT mysql
[ info ] [ RUN ] app\admin\controller\Index->index[ D:\phpStudy\WWW\flyfly\app\admin\controller\Index.php ]
[ info ] [ VIEW ] ../app/admin/view/index\index.html [ array (
  0 => 'menu',
  1 => 'menu_sort',
  2 => 'in_id',
  3 => 'exits_id',
  4 => 'admin_id',
  5 => 'system_sort',
  6 => 'admin_info',
  7 => 'admin_name',
  8 => 'web_info',
) ]
[ info ] [ LOG ] INIT File
[ sql ] [ DB ] CONNECT:[ UseTime:0.001000s ] mysql:host=127.0.0.1;port=3306;dbname=flyfly;charset=utf8
[ sql ] [ SQL ] SHOW COLUMNS FROM `f_role_author` [ RunTime:0.008001s ]
[ sql ] [ SQL ] SELECT * FROM `f_role_author` [ RunTime:0.001000s ]
[ sql ] [ SQL ] SHOW COLUMNS FROM `f_admin_log` [ RunTime:0.009000s ]
[ sql ] [ SQL ] INSERT INTO `f_admin_log` (`admin_id` , `operation` , `time`) VALUES (1 , '显示主页' , '1552273942') [ RunTime:0.098006s ]
[ sql ] [ SQL ] SHOW COLUMNS FROM `f_role_group` [ RunTime:0.024001s ]
[ sql ] [ SQL ] SELECT * FROM `f_role_group` WHERE  `id` = 1 LIMIT 1 [ RunTime:0.002000s ]
[ sql ] [ SQL ] set @@sql_mode='' [ RunTime:0.001000s ]
[ sql ] [ SQL ] SELECT * FROM `f_role_group` WHERE  `id` = 1 LIMIT 1 [ RunTime:0.001000s ]
[ sql ] [ SQL ] SELECT * FROM `f_role_author` [ RunTime:0.001000s ]
[ sql ] [ SQL ] INSERT INTO `f_admin_log` (`admin_id` , `operation` , `time`) VALUES (1 , '显示主页' , '1552273942') [ RunTime:0.050003s ]
[ sql ] [ SQL ] set @@sql_mode='' [ RunTime:0.000000s ]
[ sql ] [ SQL ] SHOW COLUMNS FROM `f_system_sort` [ RunTime:0.020001s ]
[ sql ] [ SQL ] SELECT * FROM `f_system_sort` WHERE  `is_available` = 1 [ RunTime:0.002000s ]
[ sql ] [ SQL ] SELECT * FROM `f_role_group` WHERE  `id` = 1  AND `is_available` = 1 LIMIT 1 [ RunTime:0.001000s ]
[ sql ] [ SQL ] SHOW COLUMNS FROM `f_web_info` [ RunTime:0.019001s ]
[ sql ] [ SQL ] SELECT * FROM `f_web_info` LIMIT 1 [ RunTime:0.001000s ]
---------------------------------------------------------------
[ 2019-03-11T11:12:22+08:00 ] 127.0.0.1 GET www.flyfly.com/admin/evaluation/stop_countdown
[运行时间：0.367021s] [吞吐率：2.72req/s] [内存消耗：2,528.26kb] [文件加载：56]
[ info ] [ LANG ] D:\phpStudy\WWW\flyfly\thinkphp\lang\zh-cn.php
[ info ] [ ROUTE ] array (
  'type' => 'module',
  'module' => 
  array (
    0 => 'admin',
    1 => 'evaluation',
    2 => 'stop_countdown',
  ),
)
[ info ] [ HEADER ] array (
  'cookie' => 'PHPSESSID=6fsemks0fj06v6ma5jk99ek4n6; remember_info=think%3A%7B%22username%22%3A%22admin%22%2C%22password%22%3A%22MTIzNDU2%22%2C%22verify%22%3A%22bctsa%22%7D',
  'accept-language' => 'zh-CN,zh;q=0.9',
  'accept-encoding' => 'gzip, deflate',
  'referer' => 'http://www.flyfly.com/admin/index/index',
  'user-agent' => 'Mozilla/5.0 (Windows NT 6.1; Win64; x64) AppleWebKit/537.36 (KHTML, like Gecko) Chrome/72.0.3626.121 Safari/537.36',
  'x-requested-with' => 'XMLHttpRequest',
  'accept' => '*/*',
  'connection' => 'close',
  'host' => 'www.flyfly.com',
)
[ info ] [ PARAM ] array (
  '/admin/evaluation/stop_countdown' => '',
)
[ info ] [ SESSION ] INIT array (
  'id' => '',
  'var_session_id' => '',
  'prefix' => 'think',
  'type' => '',
  'auto_start' => true,
)
[ info ] [ DB ] INIT mysql
[ info ] [ RUN ] app\admin\controller\Evaluation->stop_countdown[ D:\phpStudy\WWW\flyfly\app\admin\controller\Evaluation.php ]
[ info ] [ LOG ] INIT File
[ sql ] [ DB ] CONNECT:[ UseTime:0.002000s ] mysql:host=127.0.0.1;port=3306;dbname=flyfly;charset=utf8
[ sql ] [ SQL ] SHOW COLUMNS FROM `f_role_author` [ RunTime:0.014001s ]
[ sql ] [ SQL ] SELECT * FROM `f_role_author` [ RunTime:0.001000s ]
[ sql ] [ SQL ] SHOW COLUMNS FROM `f_role_group` [ RunTime:0.014001s ]
[ sql ] [ SQL ] SELECT * FROM `f_role_group` WHERE  `id` = 1 LIMIT 1 [ RunTime:0.001000s ]
[ sql ] [ SQL ] set @@sql_mode='' [ RunTime:0.001000s ]
---------------------------------------------------------------
[ 2019-03-11T11:12:22+08:00 ] 127.0.0.1 GET www.flyfly.com/admin/evaluation/stop_countdown
[运行时间：0.094005s] [吞吐率：10.64req/s] [内存消耗：2,528.26kb] [文件加载：56]
[ info ] [ LANG ] D:\phpStudy\WWW\flyfly\thinkphp\lang\zh-cn.php
[ info ] [ ROUTE ] array (
  'type' => 'module',
  'module' => 
  array (
    0 => 'admin',
    1 => 'evaluation',
    2 => 'stop_countdown',
  ),
)
[ info ] [ HEADER ] array (
  'cookie' => 'PHPSESSID=6fsemks0fj06v6ma5jk99ek4n6; remember_info=think%3A%7B%22username%22%3A%22admin%22%2C%22password%22%3A%22MTIzNDU2%22%2C%22verify%22%3A%22bctsa%22%7D',
  'accept-language' => 'zh-CN,zh;q=0.9',
  'accept-encoding' => 'gzip, deflate',
  'referer' => 'http://www.flyfly.com/admin/index/index',
  'user-agent' => 'Mozilla/5.0 (Windows NT 6.1; Win64; x64) AppleWebKit/537.36 (KHTML, like Gecko) Chrome/72.0.3626.121 Safari/537.36',
  'x-requested-with' => 'XMLHttpRequest',
  'accept' => '*/*',
  'connection' => 'close',
  'host' => 'www.flyfly.com',
)
[ info ] [ PARAM ] array (
  '/admin/evaluation/stop_countdown' => '',
)
[ info ] [ SESSION ] INIT array (
  'id' => '',
  'var_session_id' => '',
  'prefix' => 'think',
  'type' => '',
  'auto_start' => true,
)
[ info ] [ DB ] INIT mysql
[ info ] [ RUN ] app\admin\controller\Evaluation->stop_countdown[ D:\phpStudy\WWW\flyfly\app\admin\controller\Evaluation.php ]
[ info ] [ LOG ] INIT File
[ sql ] [ DB ] CONNECT:[ UseTime:0.001000s ] mysql:host=127.0.0.1;port=3306;dbname=flyfly;charset=utf8
[ sql ] [ SQL ] SHOW COLUMNS FROM `f_role_author` [ RunTime:0.011001s ]
[ sql ] [ SQL ] SELECT * FROM `f_role_author` [ RunTime:0.002000s ]
[ sql ] [ SQL ] SHOW COLUMNS FROM `f_role_group` [ RunTime:0.012001s ]
[ sql ] [ SQL ] SELECT * FROM `f_role_group` WHERE  `id` = 1 LIMIT 1 [ RunTime:0.001000s ]
[ sql ] [ SQL ] set @@sql_mode='' [ RunTime:0.000000s ]
---------------------------------------------------------------
[ 2019-03-11T11:12:26+08:00 ] 127.0.0.1 GET www.flyfly.com/admin/index/welcome
[运行时间：3.463198s] [吞吐率：0.29req/s] [内存消耗：2,806.49kb] [文件加载：61]
[ info ] [ LANG ] D:\phpStudy\WWW\flyfly\thinkphp\lang\zh-cn.php
[ info ] [ ROUTE ] array (
  'type' => 'module',
  'module' => 
  array (
    0 => 'admin',
    1 => 'index',
    2 => 'welcome',
  ),
)
[ info ] [ HEADER ] array (
  'cookie' => 'PHPSESSID=6fsemks0fj06v6ma5jk99ek4n6; remember_info=think%3A%7B%22username%22%3A%22admin%22%2C%22password%22%3A%22MTIzNDU2%22%2C%22verify%22%3A%22bctsa%22%7D',
  'accept-language' => 'zh-CN,zh;q=0.9',
  'accept-encoding' => 'gzip, deflate',
  'referer' => 'http://www.flyfly.com/admin/index/index',
  'accept' => 'text/html,application/xhtml+xml,application/xml;q=0.9,image/webp,image/apng,*/*;q=0.8',
  'user-agent' => 'Mozilla/5.0 (Windows NT 6.1; Win64; x64) AppleWebKit/537.36 (KHTML, like Gecko) Chrome/72.0.3626.121 Safari/537.36',
  'upgrade-insecure-requests' => '1',
  'connection' => 'close',
  'host' => 'www.flyfly.com',
)
[ info ] [ PARAM ] array (
  '/admin/index/welcome' => '',
)
[ info ] [ SESSION ] INIT array (
  'id' => '',
  'var_session_id' => '',
  'prefix' => 'think',
  'type' => '',
  'auto_start' => true,
)
[ info ] [ DB ] INIT mysql
[ info ] [ RUN ] app\admin\controller\Index->welcome[ D:\phpStudy\WWW\flyfly\app\admin\controller\Index.php ]
[ info ] [ VIEW ] ../app/admin/view/index\welcome.html [ array (
  0 => 'menu',
  1 => 'menu_sort',
  2 => 'sysinfo',
  3 => 'rest',
) ]
[ info ] [ LOG ] INIT File
[ sql ] [ DB ] CONNECT:[ UseTime:0.001000s ] mysql:host=127.0.0.1;port=3306;dbname=flyfly;charset=utf8
[ sql ] [ SQL ] SHOW COLUMNS FROM `f_role_author` [ RunTime:0.012001s ]
[ sql ] [ SQL ] SELECT * FROM `f_role_author` [ RunTime:0.001000s ]
[ sql ] [ SQL ] SHOW COLUMNS FROM `f_admin_log` [ RunTime:0.010001s ]
[ sql ] [ SQL ] INSERT INTO `f_admin_log` (`admin_id` , `operation` , `time`) VALUES (1 , '显示主页' , '1552273942') [ RunTime:0.055003s ]
[ sql ] [ SQL ] SHOW COLUMNS FROM `f_role_group` [ RunTime:0.016001s ]
[ sql ] [ SQL ] SELECT * FROM `f_role_group` WHERE  `id` = 1 LIMIT 1 [ RunTime:0.001000s ]
[ sql ] [ SQL ] set @@sql_mode='' [ RunTime:0.001000s ]
[ sql ] [ SQL ] SHOW COLUMNS FROM `f_article` [ RunTime:0.020001s ]
[ sql ] [ SQL ] SELECT COUNT(*) AS tp_count FROM ( SELECT count(*) FROM `f_article` GROUP BY `id` ) `_group_count_` LIMIT 1 [ RunTime:0.002000s ]
[ sql ] [ SQL ] SHOW COLUMNS FROM `f_members` [ RunTime:0.010001s ]
[ sql ] [ SQL ] SELECT COUNT(*) AS tp_count FROM ( SELECT count(*) FROM `f_members` GROUP BY `username` ) `_group_count_` LIMIT 1 [ RunTime:0.001000s ]
[ sql ] [ SQL ] SHOW COLUMNS FROM `f_web_info` [ RunTime:0.008001s ]
[ sql ] [ SQL ] SELECT * FROM `f_web_info` WHERE  `id` = 1 LIMIT 1 [ RunTime:0.001000s ]
[ sql ] [ SQL ] select VERSION() [ RunTime:0.000000s ]
[ sql ] [ SQL ] SHOW COLUMNS FROM `f_system_message` [ RunTime:0.008001s ]
[ sql ] [ SQL ] SELECT * FROM `f_system_message` ORDER BY `id` DESC LIMIT 0,3 [ RunTime:0.001000s ]
---------------------------------------------------------------
[ 2019-03-11T11:12:26+08:00 ] 127.0.0.1 GET www.flyfly.com/admin/evaluation/stop_countdown
[运行时间：2.565147s] [吞吐率：0.39req/s] [内存消耗：2,528.26kb] [文件加载：56]
[ info ] [ LANG ] D:\phpStudy\WWW\flyfly\thinkphp\lang\zh-cn.php
[ info ] [ ROUTE ] array (
  'type' => 'module',
  'module' => 
  array (
    0 => 'admin',
    1 => 'evaluation',
    2 => 'stop_countdown',
  ),
)
[ info ] [ HEADER ] array (
  'cookie' => 'PHPSESSID=6fsemks0fj06v6ma5jk99ek4n6; remember_info=think%3A%7B%22username%22%3A%22admin%22%2C%22password%22%3A%22MTIzNDU2%22%2C%22verify%22%3A%22bctsa%22%7D',
  'accept-language' => 'zh-CN,zh;q=0.9',
  'accept-encoding' => 'gzip, deflate',
  'referer' => 'http://www.flyfly.com/admin/index/index',
  'user-agent' => 'Mozilla/5.0 (Windows NT 6.1; Win64; x64) AppleWebKit/537.36 (KHTML, like Gecko) Chrome/72.0.3626.121 Safari/537.36',
  'x-requested-with' => 'XMLHttpRequest',
  'accept' => '*/*',
  'connection' => 'close',
  'host' => 'www.flyfly.com',
)
[ info ] [ PARAM ] array (
  '/admin/evaluation/stop_countdown' => '',
)
[ info ] [ SESSION ] INIT array (
  'id' => '',
  'var_session_id' => '',
  'prefix' => 'think',
  'type' => '',
  'auto_start' => true,
)
[ info ] [ DB ] INIT mysql
[ info ] [ RUN ] app\admin\controller\Evaluation->stop_countdown[ D:\phpStudy\WWW\flyfly\app\admin\controller\Evaluation.php ]
[ info ] [ LOG ] INIT File
[ sql ] [ DB ] CONNECT:[ UseTime:0.002000s ] mysql:host=127.0.0.1;port=3306;dbname=flyfly;charset=utf8
[ sql ] [ SQL ] SHOW COLUMNS FROM `f_role_author` [ RunTime:0.009001s ]
[ sql ] [ SQL ] SELECT * FROM `f_role_author` [ RunTime:0.000000s ]
[ sql ] [ SQL ] SHOW COLUMNS FROM `f_role_group` [ RunTime:0.009000s ]
[ sql ] [ SQL ] SELECT * FROM `f_role_group` WHERE  `id` = 1 LIMIT 1 [ RunTime:0.000000s ]
[ sql ] [ SQL ] set @@sql_mode='' [ RunTime:0.000000s ]
---------------------------------------------------------------
[ 2019-03-11T11:12:26+08:00 ] 127.0.0.1 GET www.flyfly.com/admin/evaluation/stop_countdown
[运行时间：2.429139s] [吞吐率：0.41req/s] [内存消耗：2,528.26kb] [文件加载：56]
[ info ] [ LANG ] D:\phpStudy\WWW\flyfly\thinkphp\lang\zh-cn.php
[ info ] [ ROUTE ] array (
  'type' => 'module',
  'module' => 
  array (
    0 => 'admin',
    1 => 'evaluation',
    2 => 'stop_countdown',
  ),
)
[ info ] [ HEADER ] array (
  'cookie' => 'PHPSESSID=6fsemks0fj06v6ma5jk99ek4n6; remember_info=think%3A%7B%22username%22%3A%22admin%22%2C%22password%22%3A%22MTIzNDU2%22%2C%22verify%22%3A%22bctsa%22%7D',
  'accept-language' => 'zh-CN,zh;q=0.9',
  'accept-encoding' => 'gzip, deflate',
  'referer' => 'http://www.flyfly.com/admin/index/index',
  'user-agent' => 'Mozilla/5.0 (Windows NT 6.1; Win64; x64) AppleWebKit/537.36 (KHTML, like Gecko) Chrome/72.0.3626.121 Safari/537.36',
  'x-requested-with' => 'XMLHttpRequest',
  'accept' => '*/*',
  'connection' => 'close',
  'host' => 'www.flyfly.com',
)
[ info ] [ PARAM ] array (
  '/admin/evaluation/stop_countdown' => '',
)
[ info ] [ SESSION ] INIT array (
  'id' => '',
  'var_session_id' => '',
  'prefix' => 'think',
  'type' => '',
  'auto_start' => true,
)
[ info ] [ DB ] INIT mysql
[ info ] [ RUN ] app\admin\controller\Evaluation->stop_countdown[ D:\phpStudy\WWW\flyfly\app\admin\controller\Evaluation.php ]
[ info ] [ LOG ] INIT File
[ sql ] [ DB ] CONNECT:[ UseTime:0.000000s ] mysql:host=127.0.0.1;port=3306;dbname=flyfly;charset=utf8
[ sql ] [ SQL ] SHOW COLUMNS FROM `f_role_author` [ RunTime:0.010000s ]
[ sql ] [ SQL ] SELECT * FROM `f_role_author` [ RunTime:0.000000s ]
[ sql ] [ SQL ] SHOW COLUMNS FROM `f_role_group` [ RunTime:0.010001s ]
[ sql ] [ SQL ] SELECT * FROM `f_role_group` WHERE  `id` = 1 LIMIT 1 [ RunTime:0.001000s ]
[ sql ] [ SQL ] set @@sql_mode='' [ RunTime:0.000000s ]
---------------------------------------------------------------
[ 2019-03-11T11:12:26+08:00 ] 127.0.0.1 GET www.flyfly.com/admin/evaluation/stop_countdown
[运行时间：0.535030s] [吞吐率：1.87req/s] [内存消耗：2,528.37kb] [文件加载：56]
[ info ] [ LANG ] D:\phpStudy\WWW\flyfly\thinkphp\lang\zh-cn.php
[ info ] [ ROUTE ] array (
  'type' => 'module',
  'module' => 
  array (
    0 => 'admin',
    1 => 'evaluation',
    2 => 'stop_countdown',
  ),
)
[ info ] [ HEADER ] array (
  'cookie' => 'PHPSESSID=6fsemks0fj06v6ma5jk99ek4n6; remember_info=think%3A%7B%22username%22%3A%22admin%22%2C%22password%22%3A%22MTIzNDU2%22%2C%22verify%22%3A%22bctsa%22%7D',
  'accept-language' => 'zh-CN,zh;q=0.9',
  'accept-encoding' => 'gzip, deflate',
  'referer' => 'http://www.flyfly.com/admin/index/index',
  'user-agent' => 'Mozilla/5.0 (Windows NT 6.1; Win64; x64) AppleWebKit/537.36 (KHTML, like Gecko) Chrome/72.0.3626.121 Safari/537.36',
  'x-requested-with' => 'XMLHttpRequest',
  'accept' => '*/*',
  'connection' => 'close',
  'host' => 'www.flyfly.com',
)
[ info ] [ PARAM ] array (
  '/admin/evaluation/stop_countdown' => '',
)
[ info ] [ SESSION ] INIT array (
  'id' => '',
  'var_session_id' => '',
  'prefix' => 'think',
  'type' => '',
  'auto_start' => true,
)
[ info ] [ DB ] INIT mysql
[ info ] [ RUN ] app\admin\controller\Evaluation->stop_countdown[ D:\phpStudy\WWW\flyfly\app\admin\controller\Evaluation.php ]
[ info ] [ LOG ] INIT File
[ sql ] [ DB ] CONNECT:[ UseTime:0.001000s ] mysql:host=127.0.0.1;port=3306;dbname=flyfly;charset=utf8
[ sql ] [ SQL ] SHOW COLUMNS FROM `f_role_author` [ RunTime:0.009001s ]
[ sql ] [ SQL ] SELECT * FROM `f_role_author` [ RunTime:0.001000s ]
[ sql ] [ SQL ] SHOW COLUMNS FROM `f_role_group` [ RunTime:0.009000s ]
[ sql ] [ SQL ] SELECT * FROM `f_role_group` WHERE  `id` = 1 LIMIT 1 [ RunTime:0.001000s ]
[ sql ] [ SQL ] set @@sql_mode='' [ RunTime:0.000000s ]
---------------------------------------------------------------
[ 2019-03-11T11:12:26+08:00 ] 127.0.0.1 GET www.flyfly.com/admin/evaluation/stop_countdown
[运行时间：0.061003s] [吞吐率：16.39req/s] [内存消耗：2,528.26kb] [文件加载：56]
[ info ] [ LANG ] D:\phpStudy\WWW\flyfly\thinkphp\lang\zh-cn.php
[ info ] [ ROUTE ] array (
  'type' => 'module',
  'module' => 
  array (
    0 => 'admin',
    1 => 'evaluation',
    2 => 'stop_countdown',
  ),
)
[ info ] [ HEADER ] array (
  'cookie' => 'PHPSESSID=6fsemks0fj06v6ma5jk99ek4n6; remember_info=think%3A%7B%22username%22%3A%22admin%22%2C%22password%22%3A%22MTIzNDU2%22%2C%22verify%22%3A%22bctsa%22%7D',
  'accept-language' => 'zh-CN,zh;q=0.9',
  'accept-encoding' => 'gzip, deflate',
  'referer' => 'http://www.flyfly.com/admin/index/index',
  'user-agent' => 'Mozilla/5.0 (Windows NT 6.1; Win64; x64) AppleWebKit/537.36 (KHTML, like Gecko) Chrome/72.0.3626.121 Safari/537.36',
  'x-requested-with' => 'XMLHttpRequest',
  'accept' => '*/*',
  'connection' => 'close',
  'host' => 'www.flyfly.com',
)
[ info ] [ PARAM ] array (
  '/admin/evaluation/stop_countdown' => '',
)
[ info ] [ SESSION ] INIT array (
  'id' => '',
  'var_session_id' => '',
  'prefix' => 'think',
  'type' => '',
  'auto_start' => true,
)
[ info ] [ DB ] INIT mysql
[ info ] [ RUN ] app\admin\controller\Evaluation->stop_countdown[ D:\phpStudy\WWW\flyfly\app\admin\controller\Evaluation.php ]
[ info ] [ LOG ] INIT File
[ sql ] [ DB ] CONNECT:[ UseTime:0.001000s ] mysql:host=127.0.0.1;port=3306;dbname=flyfly;charset=utf8
[ sql ] [ SQL ] SHOW COLUMNS FROM `f_role_author` [ RunTime:0.008000s ]
[ sql ] [ SQL ] SELECT * FROM `f_role_author` [ RunTime:0.001000s ]
[ sql ] [ SQL ] SHOW COLUMNS FROM `f_role_group` [ RunTime:0.008001s ]
[ sql ] [ SQL ] SELECT * FROM `f_role_group` WHERE  `id` = 1 LIMIT 1 [ RunTime:0.001000s ]
[ sql ] [ SQL ] set @@sql_mode='' [ RunTime:0.000000s ]
---------------------------------------------------------------
[ 2019-03-11T11:12:27+08:00 ] 127.0.0.1 GET www.flyfly.com/admin/evaluation/stop_countdown
[运行时间：0.116007s] [吞吐率：8.62req/s] [内存消耗：2,528.26kb] [文件加载：56]
[ info ] [ LANG ] D:\phpStudy\WWW\flyfly\thinkphp\lang\zh-cn.php
[ info ] [ ROUTE ] array (
  'type' => 'module',
  'module' => 
  array (
    0 => 'admin',
    1 => 'evaluation',
    2 => 'stop_countdown',
  ),
)
[ info ] [ HEADER ] array (
  'cookie' => 'PHPSESSID=6fsemks0fj06v6ma5jk99ek4n6; remember_info=think%3A%7B%22username%22%3A%22admin%22%2C%22password%22%3A%22MTIzNDU2%22%2C%22verify%22%3A%22bctsa%22%7D',
  'accept-language' => 'zh-CN,zh;q=0.9',
  'accept-encoding' => 'gzip, deflate',
  'referer' => 'http://www.flyfly.com/admin/index/index',
  'user-agent' => 'Mozilla/5.0 (Windows NT 6.1; Win64; x64) AppleWebKit/537.36 (KHTML, like Gecko) Chrome/72.0.3626.121 Safari/537.36',
  'x-requested-with' => 'XMLHttpRequest',
  'accept' => '*/*',
  'connection' => 'close',
  'host' => 'www.flyfly.com',
)
[ info ] [ PARAM ] array (
  '/admin/evaluation/stop_countdown' => '',
)
[ info ] [ SESSION ] INIT array (
  'id' => '',
  'var_session_id' => '',
  'prefix' => 'think',
  'type' => '',
  'auto_start' => true,
)
[ info ] [ DB ] INIT mysql
[ info ] [ RUN ] app\admin\controller\Evaluation->stop_countdown[ D:\phpStudy\WWW\flyfly\app\admin\controller\Evaluation.php ]
[ info ] [ LOG ] INIT File
[ sql ] [ DB ] CONNECT:[ UseTime:0.010000s ] mysql:host=127.0.0.1;port=3306;dbname=flyfly;charset=utf8
[ sql ] [ SQL ] SHOW COLUMNS FROM `f_role_author` [ RunTime:0.012001s ]
[ sql ] [ SQL ] SELECT * FROM `f_role_author` [ RunTime:0.001000s ]
[ sql ] [ SQL ] SHOW COLUMNS FROM `f_role_group` [ RunTime:0.012001s ]
[ sql ] [ SQL ] SELECT * FROM `f_role_group` WHERE  `id` = 1 LIMIT 1 [ RunTime:0.001000s ]
[ sql ] [ SQL ] set @@sql_mode='' [ RunTime:0.000000s ]
---------------------------------------------------------------
[ 2019-03-11T11:12:28+08:00 ] 127.0.0.1 GET www.flyfly.com/admin/evaluation/stop_countdown
[运行时间：0.066004s] [吞吐率：15.15req/s] [内存消耗：2,528.37kb] [文件加载：56]
[ info ] [ LANG ] D:\phpStudy\WWW\flyfly\thinkphp\lang\zh-cn.php
[ info ] [ ROUTE ] array (
  'type' => 'module',
  'module' => 
  array (
    0 => 'admin',
    1 => 'evaluation',
    2 => 'stop_countdown',
  ),
)
[ info ] [ HEADER ] array (
  'cookie' => 'PHPSESSID=6fsemks0fj06v6ma5jk99ek4n6; remember_info=think%3A%7B%22username%22%3A%22admin%22%2C%22password%22%3A%22MTIzNDU2%22%2C%22verify%22%3A%22bctsa%22%7D',
  'accept-language' => 'zh-CN,zh;q=0.9',
  'accept-encoding' => 'gzip, deflate',
  'referer' => 'http://www.flyfly.com/admin/index/index',
  'user-agent' => 'Mozilla/5.0 (Windows NT 6.1; Win64; x64) AppleWebKit/537.36 (KHTML, like Gecko) Chrome/72.0.3626.121 Safari/537.36',
  'x-requested-with' => 'XMLHttpRequest',
  'accept' => '*/*',
  'connection' => 'close',
  'host' => 'www.flyfly.com',
)
[ info ] [ PARAM ] array (
  '/admin/evaluation/stop_countdown' => '',
)
[ info ] [ SESSION ] INIT array (
  'id' => '',
  'var_session_id' => '',
  'prefix' => 'think',
  'type' => '',
  'auto_start' => true,
)
[ info ] [ DB ] INIT mysql
[ info ] [ RUN ] app\admin\controller\Evaluation->stop_countdown[ D:\phpStudy\WWW\flyfly\app\admin\controller\Evaluation.php ]
[ info ] [ LOG ] INIT File
[ sql ] [ DB ] CONNECT:[ UseTime:0.001000s ] mysql:host=127.0.0.1;port=3306;dbname=flyfly;charset=utf8
[ sql ] [ SQL ] SHOW COLUMNS FROM `f_role_author` [ RunTime:0.009000s ]
[ sql ] [ SQL ] SELECT * FROM `f_role_author` [ RunTime:0.001000s ]
[ sql ] [ SQL ] SHOW COLUMNS FROM `f_role_group` [ RunTime:0.009001s ]
[ sql ] [ SQL ] SELECT * FROM `f_role_group` WHERE  `id` = 1 LIMIT 1 [ RunTime:0.001000s ]
[ sql ] [ SQL ] set @@sql_mode='' [ RunTime:0.000000s ]
---------------------------------------------------------------
[ 2019-03-11T11:12:29+08:00 ] 127.0.0.1 GET www.flyfly.com/admin/evaluation/stop_countdown
[运行时间：0.100005s] [吞吐率：10.00req/s] [内存消耗：2,528.37kb] [文件加载：56]
[ info ] [ LANG ] D:\phpStudy\WWW\flyfly\thinkphp\lang\zh-cn.php
[ info ] [ ROUTE ] array (
  'type' => 'module',
  'module' => 
  array (
    0 => 'admin',
    1 => 'evaluation',
    2 => 'stop_countdown',
  ),
)
[ info ] [ HEADER ] array (
  'cookie' => 'PHPSESSID=6fsemks0fj06v6ma5jk99ek4n6; remember_info=think%3A%7B%22username%22%3A%22admin%22%2C%22password%22%3A%22MTIzNDU2%22%2C%22verify%22%3A%22bctsa%22%7D',
  'accept-language' => 'zh-CN,zh;q=0.9',
  'accept-encoding' => 'gzip, deflate',
  'referer' => 'http://www.flyfly.com/admin/index/index',
  'user-agent' => 'Mozilla/5.0 (Windows NT 6.1; Win64; x64) AppleWebKit/537.36 (KHTML, like Gecko) Chrome/72.0.3626.121 Safari/537.36',
  'x-requested-with' => 'XMLHttpRequest',
  'accept' => '*/*',
  'connection' => 'close',
  'host' => 'www.flyfly.com',
)
[ info ] [ PARAM ] array (
  '/admin/evaluation/stop_countdown' => '',
)
[ info ] [ SESSION ] INIT array (
  'id' => '',
  'var_session_id' => '',
  'prefix' => 'think',
  'type' => '',
  'auto_start' => true,
)
[ info ] [ DB ] INIT mysql
[ info ] [ RUN ] app\admin\controller\Evaluation->stop_countdown[ D:\phpStudy\WWW\flyfly\app\admin\controller\Evaluation.php ]
[ info ] [ LOG ] INIT File
[ sql ] [ DB ] CONNECT:[ UseTime:0.001000s ] mysql:host=127.0.0.1;port=3306;dbname=flyfly;charset=utf8
[ sql ] [ SQL ] SHOW COLUMNS FROM `f_role_author` [ RunTime:0.008001s ]
[ sql ] [ SQL ] SELECT * FROM `f_role_author` [ RunTime:0.001000s ]
[ sql ] [ SQL ] SHOW COLUMNS FROM `f_role_group` [ RunTime:0.009000s ]
[ sql ] [ SQL ] SELECT * FROM `f_role_group` WHERE  `id` = 1 LIMIT 1 [ RunTime:0.001000s ]
[ sql ] [ SQL ] set @@sql_mode='' [ RunTime:0.000000s ]
---------------------------------------------------------------
[ 2019-03-11T11:12:30+08:00 ] 127.0.0.1 GET www.flyfly.com/admin/evaluation/stop_countdown
[运行时间：0.075004s] [吞吐率：13.33req/s] [内存消耗：2,528.37kb] [文件加载：56]
[ info ] [ LANG ] D:\phpStudy\WWW\flyfly\thinkphp\lang\zh-cn.php
[ info ] [ ROUTE ] array (
  'type' => 'module',
  'module' => 
  array (
    0 => 'admin',
    1 => 'evaluation',
    2 => 'stop_countdown',
  ),
)
[ info ] [ HEADER ] array (
  'cookie' => 'PHPSESSID=6fsemks0fj06v6ma5jk99ek4n6; remember_info=think%3A%7B%22username%22%3A%22admin%22%2C%22password%22%3A%22MTIzNDU2%22%2C%22verify%22%3A%22bctsa%22%7D',
  'accept-language' => 'zh-CN,zh;q=0.9',
  'accept-encoding' => 'gzip, deflate',
  'referer' => 'http://www.flyfly.com/admin/index/index',
  'user-agent' => 'Mozilla/5.0 (Windows NT 6.1; Win64; x64) AppleWebKit/537.36 (KHTML, like Gecko) Chrome/72.0.3626.121 Safari/537.36',
  'x-requested-with' => 'XMLHttpRequest',
  'accept' => '*/*',
  'connection' => 'close',
  'host' => 'www.flyfly.com',
)
[ info ] [ PARAM ] array (
  '/admin/evaluation/stop_countdown' => '',
)
[ info ] [ SESSION ] INIT array (
  'id' => '',
  'var_session_id' => '',
  'prefix' => 'think',
  'type' => '',
  'auto_start' => true,
)
[ info ] [ DB ] INIT mysql
[ info ] [ RUN ] app\admin\controller\Evaluation->stop_countdown[ D:\phpStudy\WWW\flyfly\app\admin\controller\Evaluation.php ]
[ info ] [ LOG ] INIT File
[ sql ] [ DB ] CONNECT:[ UseTime:0.001001s ] mysql:host=127.0.0.1;port=3306;dbname=flyfly;charset=utf8
[ sql ] [ SQL ] SHOW COLUMNS FROM `f_role_author` [ RunTime:0.008000s ]
[ sql ] [ SQL ] SELECT * FROM `f_role_author` [ RunTime:0.001000s ]
[ sql ] [ SQL ] SHOW COLUMNS FROM `f_role_group` [ RunTime:0.009001s ]
[ sql ] [ SQL ] SELECT * FROM `f_role_group` WHERE  `id` = 1 LIMIT 1 [ RunTime:0.000000s ]
[ sql ] [ SQL ] set @@sql_mode='' [ RunTime:0.001000s ]
---------------------------------------------------------------
[ 2019-03-11T11:12:31+08:00 ] 127.0.0.1 GET www.flyfly.com/admin/evaluation/stop_countdown
[运行时间：0.123007s] [吞吐率：8.13req/s] [内存消耗：2,528.26kb] [文件加载：56]
[ info ] [ LANG ] D:\phpStudy\WWW\flyfly\thinkphp\lang\zh-cn.php
[ info ] [ ROUTE ] array (
  'type' => 'module',
  'module' => 
  array (
    0 => 'admin',
    1 => 'evaluation',
    2 => 'stop_countdown',
  ),
)
[ info ] [ HEADER ] array (
  'cookie' => 'PHPSESSID=6fsemks0fj06v6ma5jk99ek4n6; remember_info=think%3A%7B%22username%22%3A%22admin%22%2C%22password%22%3A%22MTIzNDU2%22%2C%22verify%22%3A%22bctsa%22%7D',
  'accept-language' => 'zh-CN,zh;q=0.9',
  'accept-encoding' => 'gzip, deflate',
  'referer' => 'http://www.flyfly.com/admin/index/index',
  'user-agent' => 'Mozilla/5.0 (Windows NT 6.1; Win64; x64) AppleWebKit/537.36 (KHTML, like Gecko) Chrome/72.0.3626.121 Safari/537.36',
  'x-requested-with' => 'XMLHttpRequest',
  'accept' => '*/*',
  'connection' => 'close',
  'host' => 'www.flyfly.com',
)
[ info ] [ PARAM ] array (
  '/admin/evaluation/stop_countdown' => '',
)
[ info ] [ SESSION ] INIT array (
  'id' => '',
  'var_session_id' => '',
  'prefix' => 'think',
  'type' => '',
  'auto_start' => true,
)
[ info ] [ DB ] INIT mysql
[ info ] [ RUN ] app\admin\controller\Evaluation->stop_countdown[ D:\phpStudy\WWW\flyfly\app\admin\controller\Evaluation.php ]
[ info ] [ LOG ] INIT File
[ sql ] [ DB ] CONNECT:[ UseTime:0.002000s ] mysql:host=127.0.0.1;port=3306;dbname=flyfly;charset=utf8
[ sql ] [ SQL ] SHOW COLUMNS FROM `f_role_author` [ RunTime:0.016001s ]
[ sql ] [ SQL ] SELECT * FROM `f_role_author` [ RunTime:0.001000s ]
[ sql ] [ SQL ] SHOW COLUMNS FROM `f_role_group` [ RunTime:0.008001s ]
[ sql ] [ SQL ] SELECT * FROM `f_role_group` WHERE  `id` = 1 LIMIT 1 [ RunTime:0.001000s ]
[ sql ] [ SQL ] set @@sql_mode='' [ RunTime:0.000000s ]
---------------------------------------------------------------
[ 2019-03-11T11:12:32+08:00 ] 127.0.0.1 GET www.flyfly.com/admin/evaluation/stop_countdown
[运行时间：0.101006s] [吞吐率：9.90req/s] [内存消耗：2,528.26kb] [文件加载：56]
[ info ] [ LANG ] D:\phpStudy\WWW\flyfly\thinkphp\lang\zh-cn.php
[ info ] [ ROUTE ] array (
  'type' => 'module',
  'module' => 
  array (
    0 => 'admin',
    1 => 'evaluation',
    2 => 'stop_countdown',
  ),
)
[ info ] [ HEADER ] array (
  'cookie' => 'PHPSESSID=6fsemks0fj06v6ma5jk99ek4n6; remember_info=think%3A%7B%22username%22%3A%22admin%22%2C%22password%22%3A%22MTIzNDU2%22%2C%22verify%22%3A%22bctsa%22%7D',
  'accept-language' => 'zh-CN,zh;q=0.9',
  'accept-encoding' => 'gzip, deflate',
  'referer' => 'http://www.flyfly.com/admin/index/index',
  'user-agent' => 'Mozilla/5.0 (Windows NT 6.1; Win64; x64) AppleWebKit/537.36 (KHTML, like Gecko) Chrome/72.0.3626.121 Safari/537.36',
  'x-requested-with' => 'XMLHttpRequest',
  'accept' => '*/*',
  'connection' => 'close',
  'host' => 'www.flyfly.com',
)
[ info ] [ PARAM ] array (
  '/admin/evaluation/stop_countdown' => '',
)
[ info ] [ SESSION ] INIT array (
  'id' => '',
  'var_session_id' => '',
  'prefix' => 'think',
  'type' => '',
  'auto_start' => true,
)
[ info ] [ DB ] INIT mysql
[ info ] [ RUN ] app\admin\controller\Evaluation->stop_countdown[ D:\phpStudy\WWW\flyfly\app\admin\controller\Evaluation.php ]
[ info ] [ LOG ] INIT File
[ sql ] [ DB ] CONNECT:[ UseTime:0.010001s ] mysql:host=127.0.0.1;port=3306;dbname=flyfly;charset=utf8
[ sql ] [ SQL ] SHOW COLUMNS FROM `f_role_author` [ RunTime:0.008000s ]
[ sql ] [ SQL ] SELECT * FROM `f_role_author` [ RunTime:0.001000s ]
[ sql ] [ SQL ] SHOW COLUMNS FROM `f_role_group` [ RunTime:0.008001s ]
[ sql ] [ SQL ] SELECT * FROM `f_role_group` WHERE  `id` = 1 LIMIT 1 [ RunTime:0.000000s ]
[ sql ] [ SQL ] set @@sql_mode='' [ RunTime:0.001000s ]
---------------------------------------------------------------
[ 2019-03-11T11:12:33+08:00 ] 127.0.0.1 GET www.flyfly.com/admin/evaluation/stop_countdown
[运行时间：0.082005s] [吞吐率：12.19req/s] [内存消耗：2,528.37kb] [文件加载：56]
[ info ] [ LANG ] D:\phpStudy\WWW\flyfly\thinkphp\lang\zh-cn.php
[ info ] [ ROUTE ] array (
  'type' => 'module',
  'module' => 
  array (
    0 => 'admin',
    1 => 'evaluation',
    2 => 'stop_countdown',
  ),
)
[ info ] [ HEADER ] array (
  'cookie' => 'PHPSESSID=6fsemks0fj06v6ma5jk99ek4n6; remember_info=think%3A%7B%22username%22%3A%22admin%22%2C%22password%22%3A%22MTIzNDU2%22%2C%22verify%22%3A%22bctsa%22%7D',
  'accept-language' => 'zh-CN,zh;q=0.9',
  'accept-encoding' => 'gzip, deflate',
  'referer' => 'http://www.flyfly.com/admin/index/index',
  'user-agent' => 'Mozilla/5.0 (Windows NT 6.1; Win64; x64) AppleWebKit/537.36 (KHTML, like Gecko) Chrome/72.0.3626.121 Safari/537.36',
  'x-requested-with' => 'XMLHttpRequest',
  'accept' => '*/*',
  'connection' => 'close',
  'host' => 'www.flyfly.com',
)
[ info ] [ PARAM ] array (
  '/admin/evaluation/stop_countdown' => '',
)
[ info ] [ SESSION ] INIT array (
  'id' => '',
  'var_session_id' => '',
  'prefix' => 'think',
  'type' => '',
  'auto_start' => true,
)
[ info ] [ DB ] INIT mysql
[ info ] [ RUN ] app\admin\controller\Evaluation->stop_countdown[ D:\phpStudy\WWW\flyfly\app\admin\controller\Evaluation.php ]
[ info ] [ LOG ] INIT File
[ sql ] [ DB ] CONNECT:[ UseTime:0.001001s ] mysql:host=127.0.0.1;port=3306;dbname=flyfly;charset=utf8
[ sql ] [ SQL ] SHOW COLUMNS FROM `f_role_author` [ RunTime:0.008000s ]
[ sql ] [ SQL ] SELECT * FROM `f_role_author` [ RunTime:0.001000s ]
[ sql ] [ SQL ] SHOW COLUMNS FROM `f_role_group` [ RunTime:0.009001s ]
[ sql ] [ SQL ] SELECT * FROM `f_role_group` WHERE  `id` = 1 LIMIT 1 [ RunTime:0.001000s ]
[ sql ] [ SQL ] set @@sql_mode='' [ RunTime:0.000000s ]
---------------------------------------------------------------
[ 2019-03-11T11:12:34+08:00 ] 127.0.0.1 GET www.flyfly.com/admin/evaluation/stop_countdown
[运行时间：0.154008s] [吞吐率：6.49req/s] [内存消耗：2,528.26kb] [文件加载：56]
[ info ] [ LANG ] D:\phpStudy\WWW\flyfly\thinkphp\lang\zh-cn.php
[ info ] [ ROUTE ] array (
  'type' => 'module',
  'module' => 
  array (
    0 => 'admin',
    1 => 'evaluation',
    2 => 'stop_countdown',
  ),
)
[ info ] [ HEADER ] array (
  'cookie' => 'PHPSESSID=6fsemks0fj06v6ma5jk99ek4n6; remember_info=think%3A%7B%22username%22%3A%22admin%22%2C%22password%22%3A%22MTIzNDU2%22%2C%22verify%22%3A%22bctsa%22%7D',
  'accept-language' => 'zh-CN,zh;q=0.9',
  'accept-encoding' => 'gzip, deflate',
  'referer' => 'http://www.flyfly.com/admin/index/index',
  'user-agent' => 'Mozilla/5.0 (Windows NT 6.1; Win64; x64) AppleWebKit/537.36 (KHTML, like Gecko) Chrome/72.0.3626.121 Safari/537.36',
  'x-requested-with' => 'XMLHttpRequest',
  'accept' => '*/*',
  'connection' => 'close',
  'host' => 'www.flyfly.com',
)
[ info ] [ PARAM ] array (
  '/admin/evaluation/stop_countdown' => '',
)
[ info ] [ SESSION ] INIT array (
  'id' => '',
  'var_session_id' => '',
  'prefix' => 'think',
  'type' => '',
  'auto_start' => true,
)
[ info ] [ DB ] INIT mysql
[ info ] [ RUN ] app\admin\controller\Evaluation->stop_countdown[ D:\phpStudy\WWW\flyfly\app\admin\controller\Evaluation.php ]
[ info ] [ LOG ] INIT File
[ sql ] [ DB ] CONNECT:[ UseTime:0.005001s ] mysql:host=127.0.0.1;port=3306;dbname=flyfly;charset=utf8
[ sql ] [ SQL ] SHOW COLUMNS FROM `f_role_author` [ RunTime:0.010000s ]
[ sql ] [ SQL ] SELECT * FROM `f_role_author` [ RunTime:0.002001s ]
[ sql ] [ SQL ] SHOW COLUMNS FROM `f_role_group` [ RunTime:0.025001s ]
[ sql ] [ SQL ] SELECT * FROM `f_role_group` WHERE  `id` = 1 LIMIT 1 [ RunTime:0.001000s ]
[ sql ] [ SQL ] set @@sql_mode='' [ RunTime:0.001000s ]
---------------------------------------------------------------
[ 2019-03-11T11:12:34+08:00 ] 127.0.0.1 GET www.flyfly.com/admin/evaluation/stop_countdown
[运行时间：0.105006s] [吞吐率：9.52req/s] [内存消耗：2,528.37kb] [文件加载：56]
[ info ] [ LANG ] D:\phpStudy\WWW\flyfly\thinkphp\lang\zh-cn.php
[ info ] [ ROUTE ] array (
  'type' => 'module',
  'module' => 
  array (
    0 => 'admin',
    1 => 'evaluation',
    2 => 'stop_countdown',
  ),
)
[ info ] [ HEADER ] array (
  'cookie' => 'PHPSESSID=6fsemks0fj06v6ma5jk99ek4n6; remember_info=think%3A%7B%22username%22%3A%22admin%22%2C%22password%22%3A%22MTIzNDU2%22%2C%22verify%22%3A%22bctsa%22%7D',
  'accept-language' => 'zh-CN,zh;q=0.9',
  'accept-encoding' => 'gzip, deflate',
  'referer' => 'http://www.flyfly.com/admin/index/index',
  'user-agent' => 'Mozilla/5.0 (Windows NT 6.1; Win64; x64) AppleWebKit/537.36 (KHTML, like Gecko) Chrome/72.0.3626.121 Safari/537.36',
  'x-requested-with' => 'XMLHttpRequest',
  'accept' => '*/*',
  'connection' => 'close',
  'host' => 'www.flyfly.com',
)
[ info ] [ PARAM ] array (
  '/admin/evaluation/stop_countdown' => '',
)
[ info ] [ SESSION ] INIT array (
  'id' => '',
  'var_session_id' => '',
  'prefix' => 'think',
  'type' => '',
  'auto_start' => true,
)
[ info ] [ DB ] INIT mysql
[ info ] [ RUN ] app\admin\controller\Evaluation->stop_countdown[ D:\phpStudy\WWW\flyfly\app\admin\controller\Evaluation.php ]
[ info ] [ LOG ] INIT File
[ sql ] [ DB ] CONNECT:[ UseTime:0.010000s ] mysql:host=127.0.0.1;port=3306;dbname=flyfly;charset=utf8
[ sql ] [ SQL ] SHOW COLUMNS FROM `f_role_author` [ RunTime:0.012001s ]
[ sql ] [ SQL ] SELECT * FROM `f_role_author` [ RunTime:0.001000s ]
[ sql ] [ SQL ] SHOW COLUMNS FROM `f_role_group` [ RunTime:0.014001s ]
[ sql ] [ SQL ] SELECT * FROM `f_role_group` WHERE  `id` = 1 LIMIT 1 [ RunTime:0.000000s ]
[ sql ] [ SQL ] set @@sql_mode='' [ RunTime:0.001000s ]
---------------------------------------------------------------
[ 2019-03-11T11:12:36+08:00 ] 127.0.0.1 GET www.flyfly.com/admin/evaluation/stop_countdown
[运行时间：0.103006s] [吞吐率：9.71req/s] [内存消耗：2,528.37kb] [文件加载：56]
[ info ] [ LANG ] D:\phpStudy\WWW\flyfly\thinkphp\lang\zh-cn.php
[ info ] [ ROUTE ] array (
  'type' => 'module',
  'module' => 
  array (
    0 => 'admin',
    1 => 'evaluation',
    2 => 'stop_countdown',
  ),
)
[ info ] [ HEADER ] array (
  'cookie' => 'PHPSESSID=6fsemks0fj06v6ma5jk99ek4n6; remember_info=think%3A%7B%22username%22%3A%22admin%22%2C%22password%22%3A%22MTIzNDU2%22%2C%22verify%22%3A%22bctsa%22%7D',
  'accept-language' => 'zh-CN,zh;q=0.9',
  'accept-encoding' => 'gzip, deflate',
  'referer' => 'http://www.flyfly.com/admin/index/index',
  'user-agent' => 'Mozilla/5.0 (Windows NT 6.1; Win64; x64) AppleWebKit/537.36 (KHTML, like Gecko) Chrome/72.0.3626.121 Safari/537.36',
  'x-requested-with' => 'XMLHttpRequest',
  'accept' => '*/*',
  'connection' => 'close',
  'host' => 'www.flyfly.com',
)
[ info ] [ PARAM ] array (
  '/admin/evaluation/stop_countdown' => '',
)
[ info ] [ SESSION ] INIT array (
  'id' => '',
  'var_session_id' => '',
  'prefix' => 'think',
  'type' => '',
  'auto_start' => true,
)
[ info ] [ DB ] INIT mysql
[ info ] [ RUN ] app\admin\controller\Evaluation->stop_countdown[ D:\phpStudy\WWW\flyfly\app\admin\controller\Evaluation.php ]
[ info ] [ LOG ] INIT File
[ sql ] [ DB ] CONNECT:[ UseTime:0.010001s ] mysql:host=127.0.0.1;port=3306;dbname=flyfly;charset=utf8
[ sql ] [ SQL ] SHOW COLUMNS FROM `f_role_author` [ RunTime:0.008000s ]
[ sql ] [ SQL ] SELECT * FROM `f_role_author` [ RunTime:0.001000s ]
[ sql ] [ SQL ] SHOW COLUMNS FROM `f_role_group` [ RunTime:0.008001s ]
[ sql ] [ SQL ] SELECT * FROM `f_role_group` WHERE  `id` = 1 LIMIT 1 [ RunTime:0.001000s ]
[ sql ] [ SQL ] set @@sql_mode='' [ RunTime:0.000000s ]
---------------------------------------------------------------
[ 2019-03-11T11:12:37+08:00 ] 127.0.0.1 GET www.flyfly.com/admin/evaluation/stop_countdown
[运行时间：0.090005s] [吞吐率：11.11req/s] [内存消耗：2,528.26kb] [文件加载：56]
[ info ] [ LANG ] D:\phpStudy\WWW\flyfly\thinkphp\lang\zh-cn.php
[ info ] [ ROUTE ] array (
  'type' => 'module',
  'module' => 
  array (
    0 => 'admin',
    1 => 'evaluation',
    2 => 'stop_countdown',
  ),
)
[ info ] [ HEADER ] array (
  'cookie' => 'PHPSESSID=6fsemks0fj06v6ma5jk99ek4n6; remember_info=think%3A%7B%22username%22%3A%22admin%22%2C%22password%22%3A%22MTIzNDU2%22%2C%22verify%22%3A%22bctsa%22%7D',
  'accept-language' => 'zh-CN,zh;q=0.9',
  'accept-encoding' => 'gzip, deflate',
  'referer' => 'http://www.flyfly.com/admin/index/index',
  'user-agent' => 'Mozilla/5.0 (Windows NT 6.1; Win64; x64) AppleWebKit/537.36 (KHTML, like Gecko) Chrome/72.0.3626.121 Safari/537.36',
  'x-requested-with' => 'XMLHttpRequest',
  'accept' => '*/*',
  'connection' => 'close',
  'host' => 'www.flyfly.com',
)
[ info ] [ PARAM ] array (
  '/admin/evaluation/stop_countdown' => '',
)
[ info ] [ SESSION ] INIT array (
  'id' => '',
  'var_session_id' => '',
  'prefix' => 'think',
  'type' => '',
  'auto_start' => true,
)
[ info ] [ DB ] INIT mysql
[ info ] [ RUN ] app\admin\controller\Evaluation->stop_countdown[ D:\phpStudy\WWW\flyfly\app\admin\controller\Evaluation.php ]
[ info ] [ LOG ] INIT File
[ sql ] [ DB ] CONNECT:[ UseTime:0.001001s ] mysql:host=127.0.0.1;port=3306;dbname=flyfly;charset=utf8
[ sql ] [ SQL ] SHOW COLUMNS FROM `f_role_author` [ RunTime:0.009000s ]
[ sql ] [ SQL ] SELECT * FROM `f_role_author` [ RunTime:0.001000s ]
[ sql ] [ SQL ] SHOW COLUMNS FROM `f_role_group` [ RunTime:0.008001s ]
[ sql ] [ SQL ] SELECT * FROM `f_role_group` WHERE  `id` = 1 LIMIT 1 [ RunTime:0.000000s ]
[ sql ] [ SQL ] set @@sql_mode='' [ RunTime:0.000000s ]
---------------------------------------------------------------
[ 2019-03-11T11:12:38+08:00 ] 127.0.0.1 GET www.flyfly.com/admin/evaluation/stop_countdown
[运行时间：0.080005s] [吞吐率：12.50req/s] [内存消耗：2,528.26kb] [文件加载：56]
[ info ] [ LANG ] D:\phpStudy\WWW\flyfly\thinkphp\lang\zh-cn.php
[ info ] [ ROUTE ] array (
  'type' => 'module',
  'module' => 
  array (
    0 => 'admin',
    1 => 'evaluation',
    2 => 'stop_countdown',
  ),
)
[ info ] [ HEADER ] array (
  'cookie' => 'PHPSESSID=6fsemks0fj06v6ma5jk99ek4n6; remember_info=think%3A%7B%22username%22%3A%22admin%22%2C%22password%22%3A%22MTIzNDU2%22%2C%22verify%22%3A%22bctsa%22%7D',
  'accept-language' => 'zh-CN,zh;q=0.9',
  'accept-encoding' => 'gzip, deflate',
  'referer' => 'http://www.flyfly.com/admin/index/index',
  'user-agent' => 'Mozilla/5.0 (Windows NT 6.1; Win64; x64) AppleWebKit/537.36 (KHTML, like Gecko) Chrome/72.0.3626.121 Safari/537.36',
  'x-requested-with' => 'XMLHttpRequest',
  'accept' => '*/*',
  'connection' => 'close',
  'host' => 'www.flyfly.com',
)
[ info ] [ PARAM ] array (
  '/admin/evaluation/stop_countdown' => '',
)
[ info ] [ SESSION ] INIT array (
  'id' => '',
  'var_session_id' => '',
  'prefix' => 'think',
  'type' => '',
  'auto_start' => true,
)
[ info ] [ DB ] INIT mysql
[ info ] [ RUN ] app\admin\controller\Evaluation->stop_countdown[ D:\phpStudy\WWW\flyfly\app\admin\controller\Evaluation.php ]
[ info ] [ LOG ] INIT File
[ sql ] [ DB ] CONNECT:[ UseTime:0.001000s ] mysql:host=127.0.0.1;port=3306;dbname=flyfly;charset=utf8
[ sql ] [ SQL ] SHOW COLUMNS FROM `f_role_author` [ RunTime:0.009000s ]
[ sql ] [ SQL ] SELECT * FROM `f_role_author` [ RunTime:0.000000s ]
[ sql ] [ SQL ] SHOW COLUMNS FROM `f_role_group` [ RunTime:0.009001s ]
[ sql ] [ SQL ] SELECT * FROM `f_role_group` WHERE  `id` = 1 LIMIT 1 [ RunTime:0.000000s ]
[ sql ] [ SQL ] set @@sql_mode='' [ RunTime:0.001000s ]
---------------------------------------------------------------
[ 2019-03-11T11:12:39+08:00 ] 127.0.0.1 GET www.flyfly.com/admin/evaluation/stop_countdown
[运行时间：0.084004s] [吞吐率：11.90req/s] [内存消耗：2,528.37kb] [文件加载：56]
[ info ] [ LANG ] D:\phpStudy\WWW\flyfly\thinkphp\lang\zh-cn.php
[ info ] [ ROUTE ] array (
  'type' => 'module',
  'module' => 
  array (
    0 => 'admin',
    1 => 'evaluation',
    2 => 'stop_countdown',
  ),
)
[ info ] [ HEADER ] array (
  'cookie' => 'PHPSESSID=6fsemks0fj06v6ma5jk99ek4n6; remember_info=think%3A%7B%22username%22%3A%22admin%22%2C%22password%22%3A%22MTIzNDU2%22%2C%22verify%22%3A%22bctsa%22%7D',
  'accept-language' => 'zh-CN,zh;q=0.9',
  'accept-encoding' => 'gzip, deflate',
  'referer' => 'http://www.flyfly.com/admin/index/index',
  'user-agent' => 'Mozilla/5.0 (Windows NT 6.1; Win64; x64) AppleWebKit/537.36 (KHTML, like Gecko) Chrome/72.0.3626.121 Safari/537.36',
  'x-requested-with' => 'XMLHttpRequest',
  'accept' => '*/*',
  'connection' => 'close',
  'host' => 'www.flyfly.com',
)
[ info ] [ PARAM ] array (
  '/admin/evaluation/stop_countdown' => '',
)
[ info ] [ SESSION ] INIT array (
  'id' => '',
  'var_session_id' => '',
  'prefix' => 'think',
  'type' => '',
  'auto_start' => true,
)
[ info ] [ DB ] INIT mysql
[ info ] [ RUN ] app\admin\controller\Evaluation->stop_countdown[ D:\phpStudy\WWW\flyfly\app\admin\controller\Evaluation.php ]
[ info ] [ LOG ] INIT File
[ sql ] [ DB ] CONNECT:[ UseTime:0.001000s ] mysql:host=127.0.0.1;port=3306;dbname=flyfly;charset=utf8
[ sql ] [ SQL ] SHOW COLUMNS FROM `f_role_author` [ RunTime:0.008001s ]
[ sql ] [ SQL ] SELECT * FROM `f_role_author` [ RunTime:0.001000s ]
[ sql ] [ SQL ] SHOW COLUMNS FROM `f_role_group` [ RunTime:0.008000s ]
[ sql ] [ SQL ] SELECT * FROM `f_role_group` WHERE  `id` = 1 LIMIT 1 [ RunTime:0.000000s ]
[ sql ] [ SQL ] set @@sql_mode='' [ RunTime:0.000000s ]
---------------------------------------------------------------
[ 2019-03-11T11:12:40+08:00 ] 127.0.0.1 GET www.flyfly.com/admin/evaluation/stop_countdown
[运行时间：0.134007s] [吞吐率：7.46req/s] [内存消耗：2,528.26kb] [文件加载：56]
[ info ] [ LANG ] D:\phpStudy\WWW\flyfly\thinkphp\lang\zh-cn.php
[ info ] [ ROUTE ] array (
  'type' => 'module',
  'module' => 
  array (
    0 => 'admin',
    1 => 'evaluation',
    2 => 'stop_countdown',
  ),
)
[ info ] [ HEADER ] array (
  'cookie' => 'PHPSESSID=6fsemks0fj06v6ma5jk99ek4n6; remember_info=think%3A%7B%22username%22%3A%22admin%22%2C%22password%22%3A%22MTIzNDU2%22%2C%22verify%22%3A%22bctsa%22%7D',
  'accept-language' => 'zh-CN,zh;q=0.9',
  'accept-encoding' => 'gzip, deflate',
  'referer' => 'http://www.flyfly.com/admin/index/index',
  'user-agent' => 'Mozilla/5.0 (Windows NT 6.1; Win64; x64) AppleWebKit/537.36 (KHTML, like Gecko) Chrome/72.0.3626.121 Safari/537.36',
  'x-requested-with' => 'XMLHttpRequest',
  'accept' => '*/*',
  'connection' => 'close',
  'host' => 'www.flyfly.com',
)
[ info ] [ PARAM ] array (
  '/admin/evaluation/stop_countdown' => '',
)
[ info ] [ SESSION ] INIT array (
  'id' => '',
  'var_session_id' => '',
  'prefix' => 'think',
  'type' => '',
  'auto_start' => true,
)
[ info ] [ DB ] INIT mysql
[ info ] [ RUN ] app\admin\controller\Evaluation->stop_countdown[ D:\phpStudy\WWW\flyfly\app\admin\controller\Evaluation.php ]
[ info ] [ LOG ] INIT File
[ sql ] [ DB ] CONNECT:[ UseTime:0.010000s ] mysql:host=127.0.0.1;port=3306;dbname=flyfly;charset=utf8
[ sql ] [ SQL ] SHOW COLUMNS FROM `f_role_author` [ RunTime:0.014001s ]
[ sql ] [ SQL ] SELECT * FROM `f_role_author` [ RunTime:0.001000s ]
[ sql ] [ SQL ] SHOW COLUMNS FROM `f_role_group` [ RunTime:0.014001s ]
[ sql ] [ SQL ] SELECT * FROM `f_role_group` WHERE  `id` = 1 LIMIT 1 [ RunTime:0.000000s ]
[ sql ] [ SQL ] set @@sql_mode='' [ RunTime:0.001000s ]
---------------------------------------------------------------
[ 2019-03-11T11:12:41+08:00 ] 127.0.0.1 GET www.flyfly.com/admin/evaluation/stop_countdown
[运行时间：0.081004s] [吞吐率：12.35req/s] [内存消耗：2,528.37kb] [文件加载：56]
[ info ] [ LANG ] D:\phpStudy\WWW\flyfly\thinkphp\lang\zh-cn.php
[ info ] [ ROUTE ] array (
  'type' => 'module',
  'module' => 
  array (
    0 => 'admin',
    1 => 'evaluation',
    2 => 'stop_countdown',
  ),
)
[ info ] [ HEADER ] array (
  'cookie' => 'PHPSESSID=6fsemks0fj06v6ma5jk99ek4n6; remember_info=think%3A%7B%22username%22%3A%22admin%22%2C%22password%22%3A%22MTIzNDU2%22%2C%22verify%22%3A%22bctsa%22%7D',
  'accept-language' => 'zh-CN,zh;q=0.9',
  'accept-encoding' => 'gzip, deflate',
  'referer' => 'http://www.flyfly.com/admin/index/index',
  'user-agent' => 'Mozilla/5.0 (Windows NT 6.1; Win64; x64) AppleWebKit/537.36 (KHTML, like Gecko) Chrome/72.0.3626.121 Safari/537.36',
  'x-requested-with' => 'XMLHttpRequest',
  'accept' => '*/*',
  'connection' => 'close',
  'host' => 'www.flyfly.com',
)
[ info ] [ PARAM ] array (
  '/admin/evaluation/stop_countdown' => '',
)
[ info ] [ SESSION ] INIT array (
  'id' => '',
  'var_session_id' => '',
  'prefix' => 'think',
  'type' => '',
  'auto_start' => true,
)
[ info ] [ DB ] INIT mysql
[ info ] [ RUN ] app\admin\controller\Evaluation->stop_countdown[ D:\phpStudy\WWW\flyfly\app\admin\controller\Evaluation.php ]
[ info ] [ LOG ] INIT File
[ sql ] [ DB ] CONNECT:[ UseTime:0.010001s ] mysql:host=127.0.0.1;port=3306;dbname=flyfly;charset=utf8
[ sql ] [ SQL ] SHOW COLUMNS FROM `f_role_author` [ RunTime:0.009000s ]
[ sql ] [ SQL ] SELECT * FROM `f_role_author` [ RunTime:0.001000s ]
[ sql ] [ SQL ] SHOW COLUMNS FROM `f_role_group` [ RunTime:0.009000s ]
[ sql ] [ SQL ] SELECT * FROM `f_role_group` WHERE  `id` = 1 LIMIT 1 [ RunTime:0.001000s ]
[ sql ] [ SQL ] set @@sql_mode='' [ RunTime:0.000000s ]
---------------------------------------------------------------
[ 2019-03-11T11:12:42+08:00 ] 127.0.0.1 GET www.flyfly.com/admin/evaluation/stop_countdown
[运行时间：0.094006s] [吞吐率：10.64req/s] [内存消耗：2,528.37kb] [文件加载：56]
[ info ] [ LANG ] D:\phpStudy\WWW\flyfly\thinkphp\lang\zh-cn.php
[ info ] [ ROUTE ] array (
  'type' => 'module',
  'module' => 
  array (
    0 => 'admin',
    1 => 'evaluation',
    2 => 'stop_countdown',
  ),
)
[ info ] [ HEADER ] array (
  'cookie' => 'PHPSESSID=6fsemks0fj06v6ma5jk99ek4n6; remember_info=think%3A%7B%22username%22%3A%22admin%22%2C%22password%22%3A%22MTIzNDU2%22%2C%22verify%22%3A%22bctsa%22%7D',
  'accept-language' => 'zh-CN,zh;q=0.9',
  'accept-encoding' => 'gzip, deflate',
  'referer' => 'http://www.flyfly.com/admin/index/index',
  'user-agent' => 'Mozilla/5.0 (Windows NT 6.1; Win64; x64) AppleWebKit/537.36 (KHTML, like Gecko) Chrome/72.0.3626.121 Safari/537.36',
  'x-requested-with' => 'XMLHttpRequest',
  'accept' => '*/*',
  'connection' => 'close',
  'host' => 'www.flyfly.com',
)
[ info ] [ PARAM ] array (
  '/admin/evaluation/stop_countdown' => '',
)
[ info ] [ SESSION ] INIT array (
  'id' => '',
  'var_session_id' => '',
  'prefix' => 'think',
  'type' => '',
  'auto_start' => true,
)
[ info ] [ DB ] INIT mysql
[ info ] [ RUN ] app\admin\controller\Evaluation->stop_countdown[ D:\phpStudy\WWW\flyfly\app\admin\controller\Evaluation.php ]
[ info ] [ LOG ] INIT File
[ sql ] [ DB ] CONNECT:[ UseTime:0.010000s ] mysql:host=127.0.0.1;port=3306;dbname=flyfly;charset=utf8
[ sql ] [ SQL ] SHOW COLUMNS FROM `f_role_author` [ RunTime:0.008001s ]
[ sql ] [ SQL ] SELECT * FROM `f_role_author` [ RunTime:0.001000s ]
[ sql ] [ SQL ] SHOW COLUMNS FROM `f_role_group` [ RunTime:0.009000s ]
[ sql ] [ SQL ] SELECT * FROM `f_role_group` WHERE  `id` = 1 LIMIT 1 [ RunTime:0.001000s ]
[ sql ] [ SQL ] set @@sql_mode='' [ RunTime:0.000000s ]
---------------------------------------------------------------
[ 2019-03-11T11:12:43+08:00 ] 127.0.0.1 GET www.flyfly.com/admin/evaluation/stop_countdown
[运行时间：0.107006s] [吞吐率：9.35req/s] [内存消耗：2,528.37kb] [文件加载：56]
[ info ] [ LANG ] D:\phpStudy\WWW\flyfly\thinkphp\lang\zh-cn.php
[ info ] [ ROUTE ] array (
  'type' => 'module',
  'module' => 
  array (
    0 => 'admin',
    1 => 'evaluation',
    2 => 'stop_countdown',
  ),
)
[ info ] [ HEADER ] array (
  'cookie' => 'PHPSESSID=6fsemks0fj06v6ma5jk99ek4n6; remember_info=think%3A%7B%22username%22%3A%22admin%22%2C%22password%22%3A%22MTIzNDU2%22%2C%22verify%22%3A%22bctsa%22%7D',
  'accept-language' => 'zh-CN,zh;q=0.9',
  'accept-encoding' => 'gzip, deflate',
  'referer' => 'http://www.flyfly.com/admin/index/index',
  'user-agent' => 'Mozilla/5.0 (Windows NT 6.1; Win64; x64) AppleWebKit/537.36 (KHTML, like Gecko) Chrome/72.0.3626.121 Safari/537.36',
  'x-requested-with' => 'XMLHttpRequest',
  'accept' => '*/*',
  'connection' => 'close',
  'host' => 'www.flyfly.com',
)
[ info ] [ PARAM ] array (
  '/admin/evaluation/stop_countdown' => '',
)
[ info ] [ SESSION ] INIT array (
  'id' => '',
  'var_session_id' => '',
  'prefix' => 'think',
  'type' => '',
  'auto_start' => true,
)
[ info ] [ DB ] INIT mysql
[ info ] [ RUN ] app\admin\controller\Evaluation->stop_countdown[ D:\phpStudy\WWW\flyfly\app\admin\controller\Evaluation.php ]
[ info ] [ LOG ] INIT File
[ sql ] [ DB ] CONNECT:[ UseTime:0.001000s ] mysql:host=127.0.0.1;port=3306;dbname=flyfly;charset=utf8
[ sql ] [ SQL ] SHOW COLUMNS FROM `f_role_author` [ RunTime:0.008001s ]
[ sql ] [ SQL ] SELECT * FROM `f_role_author` [ RunTime:0.001000s ]
[ sql ] [ SQL ] SHOW COLUMNS FROM `f_role_group` [ RunTime:0.008000s ]
[ sql ] [ SQL ] SELECT * FROM `f_role_group` WHERE  `id` = 1 LIMIT 1 [ RunTime:0.000000s ]
[ sql ] [ SQL ] set @@sql_mode='' [ RunTime:0.001000s ]
---------------------------------------------------------------
[ 2019-03-11T11:12:44+08:00 ] 127.0.0.1 GET www.flyfly.com/admin/evaluation/stop_countdown
[运行时间：0.109006s] [吞吐率：9.17req/s] [内存消耗：2,528.37kb] [文件加载：56]
[ info ] [ LANG ] D:\phpStudy\WWW\flyfly\thinkphp\lang\zh-cn.php
[ info ] [ ROUTE ] array (
  'type' => 'module',
  'module' => 
  array (
    0 => 'admin',
    1 => 'evaluation',
    2 => 'stop_countdown',
  ),
)
[ info ] [ HEADER ] array (
  'cookie' => 'PHPSESSID=6fsemks0fj06v6ma5jk99ek4n6; remember_info=think%3A%7B%22username%22%3A%22admin%22%2C%22password%22%3A%22MTIzNDU2%22%2C%22verify%22%3A%22bctsa%22%7D',
  'accept-language' => 'zh-CN,zh;q=0.9',
  'accept-encoding' => 'gzip, deflate',
  'referer' => 'http://www.flyfly.com/admin/index/index',
  'user-agent' => 'Mozilla/5.0 (Windows NT 6.1; Win64; x64) AppleWebKit/537.36 (KHTML, like Gecko) Chrome/72.0.3626.121 Safari/537.36',
  'x-requested-with' => 'XMLHttpRequest',
  'accept' => '*/*',
  'connection' => 'close',
  'host' => 'www.flyfly.com',
)
[ info ] [ PARAM ] array (
  '/admin/evaluation/stop_countdown' => '',
)
[ info ] [ SESSION ] INIT array (
  'id' => '',
  'var_session_id' => '',
  'prefix' => 'think',
  'type' => '',
  'auto_start' => true,
)
[ info ] [ DB ] INIT mysql
[ info ] [ RUN ] app\admin\controller\Evaluation->stop_countdown[ D:\phpStudy\WWW\flyfly\app\admin\controller\Evaluation.php ]
[ info ] [ LOG ] INIT File
[ sql ] [ DB ] CONNECT:[ UseTime:0.010000s ] mysql:host=127.0.0.1;port=3306;dbname=flyfly;charset=utf8
[ sql ] [ SQL ] SHOW COLUMNS FROM `f_role_author` [ RunTime:0.008001s ]
[ sql ] [ SQL ] SELECT * FROM `f_role_author` [ RunTime:0.001000s ]
[ sql ] [ SQL ] SHOW COLUMNS FROM `f_role_group` [ RunTime:0.008001s ]
[ sql ] [ SQL ] SELECT * FROM `f_role_group` WHERE  `id` = 1 LIMIT 1 [ RunTime:0.001000s ]
[ sql ] [ SQL ] set @@sql_mode='' [ RunTime:0.000000s ]
---------------------------------------------------------------
[ 2019-03-11T11:12:45+08:00 ] 127.0.0.1 GET www.flyfly.com/admin/evaluation/stop_countdown
[运行时间：0.068004s] [吞吐率：14.71req/s] [内存消耗：2,528.26kb] [文件加载：56]
[ info ] [ LANG ] D:\phpStudy\WWW\flyfly\thinkphp\lang\zh-cn.php
[ info ] [ ROUTE ] array (
  'type' => 'module',
  'module' => 
  array (
    0 => 'admin',
    1 => 'evaluation',
    2 => 'stop_countdown',
  ),
)
[ info ] [ HEADER ] array (
  'cookie' => 'PHPSESSID=6fsemks0fj06v6ma5jk99ek4n6; remember_info=think%3A%7B%22username%22%3A%22admin%22%2C%22password%22%3A%22MTIzNDU2%22%2C%22verify%22%3A%22bctsa%22%7D',
  'accept-language' => 'zh-CN,zh;q=0.9',
  'accept-encoding' => 'gzip, deflate',
  'referer' => 'http://www.flyfly.com/admin/index/index',
  'user-agent' => 'Mozilla/5.0 (Windows NT 6.1; Win64; x64) AppleWebKit/537.36 (KHTML, like Gecko) Chrome/72.0.3626.121 Safari/537.36',
  'x-requested-with' => 'XMLHttpRequest',
  'accept' => '*/*',
  'connection' => 'close',
  'host' => 'www.flyfly.com',
)
[ info ] [ PARAM ] array (
  '/admin/evaluation/stop_countdown' => '',
)
[ info ] [ SESSION ] INIT array (
  'id' => '',
  'var_session_id' => '',
  'prefix' => 'think',
  'type' => '',
  'auto_start' => true,
)
[ info ] [ DB ] INIT mysql
[ info ] [ RUN ] app\admin\controller\Evaluation->stop_countdown[ D:\phpStudy\WWW\flyfly\app\admin\controller\Evaluation.php ]
[ info ] [ LOG ] INIT File
[ sql ] [ DB ] CONNECT:[ UseTime:0.001000s ] mysql:host=127.0.0.1;port=3306;dbname=flyfly;charset=utf8
[ sql ] [ SQL ] SHOW COLUMNS FROM `f_role_author` [ RunTime:0.008000s ]
[ sql ] [ SQL ] SELECT * FROM `f_role_author` [ RunTime:0.001001s ]
[ sql ] [ SQL ] SHOW COLUMNS FROM `f_role_group` [ RunTime:0.009000s ]
[ sql ] [ SQL ] SELECT * FROM `f_role_group` WHERE  `id` = 1 LIMIT 1 [ RunTime:0.001000s ]
[ sql ] [ SQL ] set @@sql_mode='' [ RunTime:0.000000s ]
---------------------------------------------------------------
[ 2019-03-11T11:12:46+08:00 ] 127.0.0.1 GET www.flyfly.com/admin/evaluation/stop_countdown
[运行时间：0.069004s] [吞吐率：14.49req/s] [内存消耗：2,528.37kb] [文件加载：56]
[ info ] [ LANG ] D:\phpStudy\WWW\flyfly\thinkphp\lang\zh-cn.php
[ info ] [ ROUTE ] array (
  'type' => 'module',
  'module' => 
  array (
    0 => 'admin',
    1 => 'evaluation',
    2 => 'stop_countdown',
  ),
)
[ info ] [ HEADER ] array (
  'cookie' => 'PHPSESSID=6fsemks0fj06v6ma5jk99ek4n6; remember_info=think%3A%7B%22username%22%3A%22admin%22%2C%22password%22%3A%22MTIzNDU2%22%2C%22verify%22%3A%22bctsa%22%7D',
  'accept-language' => 'zh-CN,zh;q=0.9',
  'accept-encoding' => 'gzip, deflate',
  'referer' => 'http://www.flyfly.com/admin/index/index',
  'user-agent' => 'Mozilla/5.0 (Windows NT 6.1; Win64; x64) AppleWebKit/537.36 (KHTML, like Gecko) Chrome/72.0.3626.121 Safari/537.36',
  'x-requested-with' => 'XMLHttpRequest',
  'accept' => '*/*',
  'connection' => 'close',
  'host' => 'www.flyfly.com',
)
[ info ] [ PARAM ] array (
  '/admin/evaluation/stop_countdown' => '',
)
[ info ] [ SESSION ] INIT array (
  'id' => '',
  'var_session_id' => '',
  'prefix' => 'think',
  'type' => '',
  'auto_start' => true,
)
[ info ] [ DB ] INIT mysql
[ info ] [ RUN ] app\admin\controller\Evaluation->stop_countdown[ D:\phpStudy\WWW\flyfly\app\admin\controller\Evaluation.php ]
[ info ] [ LOG ] INIT File
[ sql ] [ DB ] CONNECT:[ UseTime:0.001000s ] mysql:host=127.0.0.1;port=3306;dbname=flyfly;charset=utf8
[ sql ] [ SQL ] SHOW COLUMNS FROM `f_role_author` [ RunTime:0.008001s ]
[ sql ] [ SQL ] SELECT * FROM `f_role_author` [ RunTime:0.001000s ]
[ sql ] [ SQL ] SHOW COLUMNS FROM `f_role_group` [ RunTime:0.008000s ]
[ sql ] [ SQL ] SELECT * FROM `f_role_group` WHERE  `id` = 1 LIMIT 1 [ RunTime:0.001000s ]
[ sql ] [ SQL ] set @@sql_mode='' [ RunTime:0.001000s ]
---------------------------------------------------------------
[ 2019-03-11T11:12:47+08:00 ] 127.0.0.1 GET www.flyfly.com/admin/evaluation/stop_countdown
[运行时间：0.098006s] [吞吐率：10.20req/s] [内存消耗：2,528.26kb] [文件加载：56]
[ info ] [ LANG ] D:\phpStudy\WWW\flyfly\thinkphp\lang\zh-cn.php
[ info ] [ ROUTE ] array (
  'type' => 'module',
  'module' => 
  array (
    0 => 'admin',
    1 => 'evaluation',
    2 => 'stop_countdown',
  ),
)
[ info ] [ HEADER ] array (
  'cookie' => 'PHPSESSID=6fsemks0fj06v6ma5jk99ek4n6; remember_info=think%3A%7B%22username%22%3A%22admin%22%2C%22password%22%3A%22MTIzNDU2%22%2C%22verify%22%3A%22bctsa%22%7D',
  'accept-language' => 'zh-CN,zh;q=0.9',
  'accept-encoding' => 'gzip, deflate',
  'referer' => 'http://www.flyfly.com/admin/index/index',
  'user-agent' => 'Mozilla/5.0 (Windows NT 6.1; Win64; x64) AppleWebKit/537.36 (KHTML, like Gecko) Chrome/72.0.3626.121 Safari/537.36',
  'x-requested-with' => 'XMLHttpRequest',
  'accept' => '*/*',
  'connection' => 'close',
  'host' => 'www.flyfly.com',
)
[ info ] [ PARAM ] array (
  '/admin/evaluation/stop_countdown' => '',
)
[ info ] [ SESSION ] INIT array (
  'id' => '',
  'var_session_id' => '',
  'prefix' => 'think',
  'type' => '',
  'auto_start' => true,
)
[ info ] [ DB ] INIT mysql
[ info ] [ RUN ] app\admin\controller\Evaluation->stop_countdown[ D:\phpStudy\WWW\flyfly\app\admin\controller\Evaluation.php ]
[ info ] [ LOG ] INIT File
[ sql ] [ DB ] CONNECT:[ UseTime:0.010000s ] mysql:host=127.0.0.1;port=3306;dbname=flyfly;charset=utf8
[ sql ] [ SQL ] SHOW COLUMNS FROM `f_role_author` [ RunTime:0.008001s ]
[ sql ] [ SQL ] SELECT * FROM `f_role_author` [ RunTime:0.001000s ]
[ sql ] [ SQL ] SHOW COLUMNS FROM `f_role_group` [ RunTime:0.008000s ]
[ sql ] [ SQL ] SELECT * FROM `f_role_group` WHERE  `id` = 1 LIMIT 1 [ RunTime:0.001000s ]
[ sql ] [ SQL ] set @@sql_mode='' [ RunTime:0.000000s ]
---------------------------------------------------------------
[ 2019-03-11T11:12:48+08:00 ] 127.0.0.1 GET www.flyfly.com/admin/evaluation/stop_countdown
[运行时间：0.087005s] [吞吐率：11.49req/s] [内存消耗：2,528.37kb] [文件加载：56]
[ info ] [ LANG ] D:\phpStudy\WWW\flyfly\thinkphp\lang\zh-cn.php
[ info ] [ ROUTE ] array (
  'type' => 'module',
  'module' => 
  array (
    0 => 'admin',
    1 => 'evaluation',
    2 => 'stop_countdown',
  ),
)
[ info ] [ HEADER ] array (
  'cookie' => 'PHPSESSID=6fsemks0fj06v6ma5jk99ek4n6; remember_info=think%3A%7B%22username%22%3A%22admin%22%2C%22password%22%3A%22MTIzNDU2%22%2C%22verify%22%3A%22bctsa%22%7D',
  'accept-language' => 'zh-CN,zh;q=0.9',
  'accept-encoding' => 'gzip, deflate',
  'referer' => 'http://www.flyfly.com/admin/index/index',
  'user-agent' => 'Mozilla/5.0 (Windows NT 6.1; Win64; x64) AppleWebKit/537.36 (KHTML, like Gecko) Chrome/72.0.3626.121 Safari/537.36',
  'x-requested-with' => 'XMLHttpRequest',
  'accept' => '*/*',
  'connection' => 'close',
  'host' => 'www.flyfly.com',
)
[ info ] [ PARAM ] array (
  '/admin/evaluation/stop_countdown' => '',
)
[ info ] [ SESSION ] INIT array (
  'id' => '',
  'var_session_id' => '',
  'prefix' => 'think',
  'type' => '',
  'auto_start' => true,
)
[ info ] [ DB ] INIT mysql
[ info ] [ RUN ] app\admin\controller\Evaluation->stop_countdown[ D:\phpStudy\WWW\flyfly\app\admin\controller\Evaluation.php ]
[ info ] [ LOG ] INIT File
[ sql ] [ DB ] CONNECT:[ UseTime:0.010001s ] mysql:host=127.0.0.1;port=3306;dbname=flyfly;charset=utf8
[ sql ] [ SQL ] SHOW COLUMNS FROM `f_role_author` [ RunTime:0.009000s ]
[ sql ] [ SQL ] SELECT * FROM `f_role_author` [ RunTime:0.001000s ]
[ sql ] [ SQL ] SHOW COLUMNS FROM `f_role_group` [ RunTime:0.008001s ]
[ sql ] [ SQL ] SELECT * FROM `f_role_group` WHERE  `id` = 1 LIMIT 1 [ RunTime:0.000000s ]
[ sql ] [ SQL ] set @@sql_mode='' [ RunTime:0.000000s ]
---------------------------------------------------------------
[ 2019-03-11T11:12:49+08:00 ] 127.0.0.1 GET www.flyfly.com/admin/evaluation/stop_countdown
[运行时间：0.076005s] [吞吐率：13.16req/s] [内存消耗：2,528.26kb] [文件加载：56]
[ info ] [ LANG ] D:\phpStudy\WWW\flyfly\thinkphp\lang\zh-cn.php
[ info ] [ ROUTE ] array (
  'type' => 'module',
  'module' => 
  array (
    0 => 'admin',
    1 => 'evaluation',
    2 => 'stop_countdown',
  ),
)
[ info ] [ HEADER ] array (
  'cookie' => 'PHPSESSID=6fsemks0fj06v6ma5jk99ek4n6; remember_info=think%3A%7B%22username%22%3A%22admin%22%2C%22password%22%3A%22MTIzNDU2%22%2C%22verify%22%3A%22bctsa%22%7D',
  'accept-language' => 'zh-CN,zh;q=0.9',
  'accept-encoding' => 'gzip, deflate',
  'referer' => 'http://www.flyfly.com/admin/index/index',
  'user-agent' => 'Mozilla/5.0 (Windows NT 6.1; Win64; x64) AppleWebKit/537.36 (KHTML, like Gecko) Chrome/72.0.3626.121 Safari/537.36',
  'x-requested-with' => 'XMLHttpRequest',
  'accept' => '*/*',
  'connection' => 'close',
  'host' => 'www.flyfly.com',
)
[ info ] [ PARAM ] array (
  '/admin/evaluation/stop_countdown' => '',
)
[ info ] [ SESSION ] INIT array (
  'id' => '',
  'var_session_id' => '',
  'prefix' => 'think',
  'type' => '',
  'auto_start' => true,
)
[ info ] [ DB ] INIT mysql
[ info ] [ RUN ] app\admin\controller\Evaluation->stop_countdown[ D:\phpStudy\WWW\flyfly\app\admin\controller\Evaluation.php ]
[ info ] [ LOG ] INIT File
[ sql ] [ DB ] CONNECT:[ UseTime:0.001000s ] mysql:host=127.0.0.1;port=3306;dbname=flyfly;charset=utf8
[ sql ] [ SQL ] SHOW COLUMNS FROM `f_role_author` [ RunTime:0.010001s ]
[ sql ] [ SQL ] SELECT * FROM `f_role_author` [ RunTime:0.001000s ]
[ sql ] [ SQL ] SHOW COLUMNS FROM `f_role_group` [ RunTime:0.009000s ]
[ sql ] [ SQL ] SELECT * FROM `f_role_group` WHERE  `id` = 1 LIMIT 1 [ RunTime:0.001001s ]
[ sql ] [ SQL ] set @@sql_mode='' [ RunTime:0.000000s ]
---------------------------------------------------------------
[ 2019-03-11T11:12:50+08:00 ] 127.0.0.1 GET www.flyfly.com/admin/evaluation/stop_countdown
[运行时间：0.082005s] [吞吐率：12.19req/s] [内存消耗：2,528.37kb] [文件加载：56]
[ info ] [ LANG ] D:\phpStudy\WWW\flyfly\thinkphp\lang\zh-cn.php
[ info ] [ ROUTE ] array (
  'type' => 'module',
  'module' => 
  array (
    0 => 'admin',
    1 => 'evaluation',
    2 => 'stop_countdown',
  ),
)
[ info ] [ HEADER ] array (
  'cookie' => 'PHPSESSID=6fsemks0fj06v6ma5jk99ek4n6; remember_info=think%3A%7B%22username%22%3A%22admin%22%2C%22password%22%3A%22MTIzNDU2%22%2C%22verify%22%3A%22bctsa%22%7D',
  'accept-language' => 'zh-CN,zh;q=0.9',
  'accept-encoding' => 'gzip, deflate',
  'referer' => 'http://www.flyfly.com/admin/index/index',
  'user-agent' => 'Mozilla/5.0 (Windows NT 6.1; Win64; x64) AppleWebKit/537.36 (KHTML, like Gecko) Chrome/72.0.3626.121 Safari/537.36',
  'x-requested-with' => 'XMLHttpRequest',
  'accept' => '*/*',
  'connection' => 'close',
  'host' => 'www.flyfly.com',
)
[ info ] [ PARAM ] array (
  '/admin/evaluation/stop_countdown' => '',
)
[ info ] [ SESSION ] INIT array (
  'id' => '',
  'var_session_id' => '',
  'prefix' => 'think',
  'type' => '',
  'auto_start' => true,
)
[ info ] [ DB ] INIT mysql
[ info ] [ RUN ] app\admin\controller\Evaluation->stop_countdown[ D:\phpStudy\WWW\flyfly\app\admin\controller\Evaluation.php ]
[ info ] [ LOG ] INIT File
[ sql ] [ DB ] CONNECT:[ UseTime:0.001000s ] mysql:host=127.0.0.1;port=3306;dbname=flyfly;charset=utf8
[ sql ] [ SQL ] SHOW COLUMNS FROM `f_role_author` [ RunTime:0.011001s ]
[ sql ] [ SQL ] SELECT * FROM `f_role_author` [ RunTime:0.001000s ]
[ sql ] [ SQL ] SHOW COLUMNS FROM `f_role_group` [ RunTime:0.012001s ]
[ sql ] [ SQL ] SELECT * FROM `f_role_group` WHERE  `id` = 1 LIMIT 1 [ RunTime:0.001000s ]
[ sql ] [ SQL ] set @@sql_mode='' [ RunTime:0.000000s ]
---------------------------------------------------------------
[ 2019-03-11T11:12:51+08:00 ] 127.0.0.1 GET www.flyfly.com/admin/evaluation/stop_countdown
[运行时间：0.083004s] [吞吐率：12.05req/s] [内存消耗：2,528.37kb] [文件加载：56]
[ info ] [ LANG ] D:\phpStudy\WWW\flyfly\thinkphp\lang\zh-cn.php
[ info ] [ ROUTE ] array (
  'type' => 'module',
  'module' => 
  array (
    0 => 'admin',
    1 => 'evaluation',
    2 => 'stop_countdown',
  ),
)
[ info ] [ HEADER ] array (
  'cookie' => 'PHPSESSID=6fsemks0fj06v6ma5jk99ek4n6; remember_info=think%3A%7B%22username%22%3A%22admin%22%2C%22password%22%3A%22MTIzNDU2%22%2C%22verify%22%3A%22bctsa%22%7D',
  'accept-language' => 'zh-CN,zh;q=0.9',
  'accept-encoding' => 'gzip, deflate',
  'referer' => 'http://www.flyfly.com/admin/index/index',
  'user-agent' => 'Mozilla/5.0 (Windows NT 6.1; Win64; x64) AppleWebKit/537.36 (KHTML, like Gecko) Chrome/72.0.3626.121 Safari/537.36',
  'x-requested-with' => 'XMLHttpRequest',
  'accept' => '*/*',
  'connection' => 'close',
  'host' => 'www.flyfly.com',
)
[ info ] [ PARAM ] array (
  '/admin/evaluation/stop_countdown' => '',
)
[ info ] [ SESSION ] INIT array (
  'id' => '',
  'var_session_id' => '',
  'prefix' => 'think',
  'type' => '',
  'auto_start' => true,
)
[ info ] [ DB ] INIT mysql
[ info ] [ RUN ] app\admin\controller\Evaluation->stop_countdown[ D:\phpStudy\WWW\flyfly\app\admin\controller\Evaluation.php ]
[ info ] [ LOG ] INIT File
[ sql ] [ DB ] CONNECT:[ UseTime:0.010000s ] mysql:host=127.0.0.1;port=3306;dbname=flyfly;charset=utf8
[ sql ] [ SQL ] SHOW COLUMNS FROM `f_role_author` [ RunTime:0.013001s ]
[ sql ] [ SQL ] SELECT * FROM `f_role_author` [ RunTime:0.001000s ]
[ sql ] [ SQL ] SHOW COLUMNS FROM `f_role_group` [ RunTime:0.008000s ]
[ sql ] [ SQL ] SELECT * FROM `f_role_group` WHERE  `id` = 1 LIMIT 1 [ RunTime:0.000000s ]
[ sql ] [ SQL ] set @@sql_mode='' [ RunTime:0.000000s ]
---------------------------------------------------------------
[ 2019-03-11T11:12:52+08:00 ] 127.0.0.1 GET www.flyfly.com/admin/evaluation/stop_countdown
[运行时间：0.077004s] [吞吐率：12.99req/s] [内存消耗：2,528.37kb] [文件加载：56]
[ info ] [ LANG ] D:\phpStudy\WWW\flyfly\thinkphp\lang\zh-cn.php
[ info ] [ ROUTE ] array (
  'type' => 'module',
  'module' => 
  array (
    0 => 'admin',
    1 => 'evaluation',
    2 => 'stop_countdown',
  ),
)
[ info ] [ HEADER ] array (
  'cookie' => 'PHPSESSID=6fsemks0fj06v6ma5jk99ek4n6; remember_info=think%3A%7B%22username%22%3A%22admin%22%2C%22password%22%3A%22MTIzNDU2%22%2C%22verify%22%3A%22bctsa%22%7D',
  'accept-language' => 'zh-CN,zh;q=0.9',
  'accept-encoding' => 'gzip, deflate',
  'referer' => 'http://www.flyfly.com/admin/index/index',
  'user-agent' => 'Mozilla/5.0 (Windows NT 6.1; Win64; x64) AppleWebKit/537.36 (KHTML, like Gecko) Chrome/72.0.3626.121 Safari/537.36',
  'x-requested-with' => 'XMLHttpRequest',
  'accept' => '*/*',
  'connection' => 'close',
  'host' => 'www.flyfly.com',
)
[ info ] [ PARAM ] array (
  '/admin/evaluation/stop_countdown' => '',
)
[ info ] [ SESSION ] INIT array (
  'id' => '',
  'var_session_id' => '',
  'prefix' => 'think',
  'type' => '',
  'auto_start' => true,
)
[ info ] [ DB ] INIT mysql
[ info ] [ RUN ] app\admin\controller\Evaluation->stop_countdown[ D:\phpStudy\WWW\flyfly\app\admin\controller\Evaluation.php ]
[ info ] [ LOG ] INIT File
[ sql ] [ DB ] CONNECT:[ UseTime:0.001000s ] mysql:host=127.0.0.1;port=3306;dbname=flyfly;charset=utf8
[ sql ] [ SQL ] SHOW COLUMNS FROM `f_role_author` [ RunTime:0.011000s ]
[ sql ] [ SQL ] SELECT * FROM `f_role_author` [ RunTime:0.000000s ]
[ sql ] [ SQL ] SHOW COLUMNS FROM `f_role_group` [ RunTime:0.009001s ]
[ sql ] [ SQL ] SELECT * FROM `f_role_group` WHERE  `id` = 1 LIMIT 1 [ RunTime:0.001000s ]
[ sql ] [ SQL ] set @@sql_mode='' [ RunTime:0.000000s ]
---------------------------------------------------------------
[ 2019-03-11T11:12:53+08:00 ] 127.0.0.1 GET www.flyfly.com/admin/evaluation/stop_countdown
[运行时间：0.067004s] [吞吐率：14.92req/s] [内存消耗：2,528.26kb] [文件加载：56]
[ info ] [ LANG ] D:\phpStudy\WWW\flyfly\thinkphp\lang\zh-cn.php
[ info ] [ ROUTE ] array (
  'type' => 'module',
  'module' => 
  array (
    0 => 'admin',
    1 => 'evaluation',
    2 => 'stop_countdown',
  ),
)
[ info ] [ HEADER ] array (
  'cookie' => 'PHPSESSID=6fsemks0fj06v6ma5jk99ek4n6; remember_info=think%3A%7B%22username%22%3A%22admin%22%2C%22password%22%3A%22MTIzNDU2%22%2C%22verify%22%3A%22bctsa%22%7D',
  'accept-language' => 'zh-CN,zh;q=0.9',
  'accept-encoding' => 'gzip, deflate',
  'referer' => 'http://www.flyfly.com/admin/index/index',
  'user-agent' => 'Mozilla/5.0 (Windows NT 6.1; Win64; x64) AppleWebKit/537.36 (KHTML, like Gecko) Chrome/72.0.3626.121 Safari/537.36',
  'x-requested-with' => 'XMLHttpRequest',
  'accept' => '*/*',
  'connection' => 'close',
  'host' => 'www.flyfly.com',
)
[ info ] [ PARAM ] array (
  '/admin/evaluation/stop_countdown' => '',
)
[ info ] [ SESSION ] INIT array (
  'id' => '',
  'var_session_id' => '',
  'prefix' => 'think',
  'type' => '',
  'auto_start' => true,
)
[ info ] [ DB ] INIT mysql
[ info ] [ RUN ] app\admin\controller\Evaluation->stop_countdown[ D:\phpStudy\WWW\flyfly\app\admin\controller\Evaluation.php ]
[ info ] [ LOG ] INIT File
[ sql ] [ DB ] CONNECT:[ UseTime:0.001000s ] mysql:host=127.0.0.1;port=3306;dbname=flyfly;charset=utf8
[ sql ] [ SQL ] SHOW COLUMNS FROM `f_role_author` [ RunTime:0.009001s ]
[ sql ] [ SQL ] SELECT * FROM `f_role_author` [ RunTime:0.001000s ]
[ sql ] [ SQL ] SHOW COLUMNS FROM `f_role_group` [ RunTime:0.014001s ]
[ sql ] [ SQL ] SELECT * FROM `f_role_group` WHERE  `id` = 1 LIMIT 1 [ RunTime:0.001000s ]
[ sql ] [ SQL ] set @@sql_mode='' [ RunTime:0.000000s ]
---------------------------------------------------------------
[ 2019-03-11T11:12:54+08:00 ] 127.0.0.1 GET www.flyfly.com/admin/evaluation/stop_countdown
[运行时间：0.088005s] [吞吐率：11.36req/s] [内存消耗：2,528.37kb] [文件加载：56]
[ info ] [ LANG ] D:\phpStudy\WWW\flyfly\thinkphp\lang\zh-cn.php
[ info ] [ ROUTE ] array (
  'type' => 'module',
  'module' => 
  array (
    0 => 'admin',
    1 => 'evaluation',
    2 => 'stop_countdown',
  ),
)
[ info ] [ HEADER ] array (
  'cookie' => 'PHPSESSID=6fsemks0fj06v6ma5jk99ek4n6; remember_info=think%3A%7B%22username%22%3A%22admin%22%2C%22password%22%3A%22MTIzNDU2%22%2C%22verify%22%3A%22bctsa%22%7D',
  'accept-language' => 'zh-CN,zh;q=0.9',
  'accept-encoding' => 'gzip, deflate',
  'referer' => 'http://www.flyfly.com/admin/index/index',
  'user-agent' => 'Mozilla/5.0 (Windows NT 6.1; Win64; x64) AppleWebKit/537.36 (KHTML, like Gecko) Chrome/72.0.3626.121 Safari/537.36',
  'x-requested-with' => 'XMLHttpRequest',
  'accept' => '*/*',
  'connection' => 'close',
  'host' => 'www.flyfly.com',
)
[ info ] [ PARAM ] array (
  '/admin/evaluation/stop_countdown' => '',
)
[ info ] [ SESSION ] INIT array (
  'id' => '',
  'var_session_id' => '',
  'prefix' => 'think',
  'type' => '',
  'auto_start' => true,
)
[ info ] [ DB ] INIT mysql
[ info ] [ RUN ] app\admin\controller\Evaluation->stop_countdown[ D:\phpStudy\WWW\flyfly\app\admin\controller\Evaluation.php ]
[ info ] [ LOG ] INIT File
[ sql ] [ DB ] CONNECT:[ UseTime:0.001000s ] mysql:host=127.0.0.1;port=3306;dbname=flyfly;charset=utf8
[ sql ] [ SQL ] SHOW COLUMNS FROM `f_role_author` [ RunTime:0.013001s ]
[ sql ] [ SQL ] SELECT * FROM `f_role_author` [ RunTime:0.001000s ]
[ sql ] [ SQL ] SHOW COLUMNS FROM `f_role_group` [ RunTime:0.013001s ]
[ sql ] [ SQL ] SELECT * FROM `f_role_group` WHERE  `id` = 1 LIMIT 1 [ RunTime:0.000000s ]
[ sql ] [ SQL ] set @@sql_mode='' [ RunTime:0.000000s ]
---------------------------------------------------------------
[ 2019-03-11T11:12:55+08:00 ] 127.0.0.1 GET www.flyfly.com/admin/evaluation/stop_countdown
[运行时间：0.083005s] [吞吐率：12.05req/s] [内存消耗：2,528.37kb] [文件加载：56]
[ info ] [ LANG ] D:\phpStudy\WWW\flyfly\thinkphp\lang\zh-cn.php
[ info ] [ ROUTE ] array (
  'type' => 'module',
  'module' => 
  array (
    0 => 'admin',
    1 => 'evaluation',
    2 => 'stop_countdown',
  ),
)
[ info ] [ HEADER ] array (
  'cookie' => 'PHPSESSID=6fsemks0fj06v6ma5jk99ek4n6; remember_info=think%3A%7B%22username%22%3A%22admin%22%2C%22password%22%3A%22MTIzNDU2%22%2C%22verify%22%3A%22bctsa%22%7D',
  'accept-language' => 'zh-CN,zh;q=0.9',
  'accept-encoding' => 'gzip, deflate',
  'referer' => 'http://www.flyfly.com/admin/index/index',
  'user-agent' => 'Mozilla/5.0 (Windows NT 6.1; Win64; x64) AppleWebKit/537.36 (KHTML, like Gecko) Chrome/72.0.3626.121 Safari/537.36',
  'x-requested-with' => 'XMLHttpRequest',
  'accept' => '*/*',
  'connection' => 'close',
  'host' => 'www.flyfly.com',
)
[ info ] [ PARAM ] array (
  '/admin/evaluation/stop_countdown' => '',
)
[ info ] [ SESSION ] INIT array (
  'id' => '',
  'var_session_id' => '',
  'prefix' => 'think',
  'type' => '',
  'auto_start' => true,
)
[ info ] [ DB ] INIT mysql
[ info ] [ RUN ] app\admin\controller\Evaluation->stop_countdown[ D:\phpStudy\WWW\flyfly\app\admin\controller\Evaluation.php ]
[ info ] [ LOG ] INIT File
[ sql ] [ DB ] CONNECT:[ UseTime:0.011001s ] mysql:host=127.0.0.1;port=3306;dbname=flyfly;charset=utf8
[ sql ] [ SQL ] SHOW COLUMNS FROM `f_role_author` [ RunTime:0.008000s ]
[ sql ] [ SQL ] SELECT * FROM `f_role_author` [ RunTime:0.001000s ]
[ sql ] [ SQL ] SHOW COLUMNS FROM `f_role_group` [ RunTime:0.009001s ]
[ sql ] [ SQL ] SELECT * FROM `f_role_group` WHERE  `id` = 1 LIMIT 1 [ RunTime:0.000000s ]
[ sql ] [ SQL ] set @@sql_mode='' [ RunTime:0.001000s ]
---------------------------------------------------------------
[ 2019-03-11T11:12:56+08:00 ] 127.0.0.1 GET www.flyfly.com/admin/evaluation/stop_countdown
[运行时间：0.076004s] [吞吐率：13.16req/s] [内存消耗：2,528.37kb] [文件加载：56]
[ info ] [ LANG ] D:\phpStudy\WWW\flyfly\thinkphp\lang\zh-cn.php
[ info ] [ ROUTE ] array (
  'type' => 'module',
  'module' => 
  array (
    0 => 'admin',
    1 => 'evaluation',
    2 => 'stop_countdown',
  ),
)
[ info ] [ HEADER ] array (
  'cookie' => 'PHPSESSID=6fsemks0fj06v6ma5jk99ek4n6; remember_info=think%3A%7B%22username%22%3A%22admin%22%2C%22password%22%3A%22MTIzNDU2%22%2C%22verify%22%3A%22bctsa%22%7D',
  'accept-language' => 'zh-CN,zh;q=0.9',
  'accept-encoding' => 'gzip, deflate',
  'referer' => 'http://www.flyfly.com/admin/index/index',
  'user-agent' => 'Mozilla/5.0 (Windows NT 6.1; Win64; x64) AppleWebKit/537.36 (KHTML, like Gecko) Chrome/72.0.3626.121 Safari/537.36',
  'x-requested-with' => 'XMLHttpRequest',
  'accept' => '*/*',
  'connection' => 'close',
  'host' => 'www.flyfly.com',
)
[ info ] [ PARAM ] array (
  '/admin/evaluation/stop_countdown' => '',
)
[ info ] [ SESSION ] INIT array (
  'id' => '',
  'var_session_id' => '',
  'prefix' => 'think',
  'type' => '',
  'auto_start' => true,
)
[ info ] [ DB ] INIT mysql
[ info ] [ RUN ] app\admin\controller\Evaluation->stop_countdown[ D:\phpStudy\WWW\flyfly\app\admin\controller\Evaluation.php ]
[ info ] [ LOG ] INIT File
[ sql ] [ DB ] CONNECT:[ UseTime:0.001000s ] mysql:host=127.0.0.1;port=3306;dbname=flyfly;charset=utf8
[ sql ] [ SQL ] SHOW COLUMNS FROM `f_role_author` [ RunTime:0.009001s ]
[ sql ] [ SQL ] SELECT * FROM `f_role_author` [ RunTime:0.001000s ]
[ sql ] [ SQL ] SHOW COLUMNS FROM `f_role_group` [ RunTime:0.011001s ]
[ sql ] [ SQL ] SELECT * FROM `f_role_group` WHERE  `id` = 1 LIMIT 1 [ RunTime:0.000000s ]
[ sql ] [ SQL ] set @@sql_mode='' [ RunTime:0.001000s ]
